<?xml version="1.0" encoding="UTF-8"?>
<testsuite xmlns:xsi="http://www.w3.org/2001/XMLSchema-instance" xsi:noNamespaceSchemaLocation="https://maven.apache.org/surefire/maven-surefire-plugin/xsd/surefire-test-report.xsd" name="it.academy.rest.VisitorCountRestServiceTest" time="0.605" tests="2" errors="0" skipped="0" failures="1">
  <properties>
    <property name="sun.desktop" value="windows"/>
    <property name="awt.toolkit" value="sun.awt.windows.WToolkit"/>
    <property name="java.specification.version" value="11"/>
    <property name="sun.cpu.isalist" value="amd64"/>
    <property name="sun.jnu.encoding" value="Cp1251"/>
    <property name="java.class.path" value="C:\work\shop\api\target\test-classes;C:\work\shop\api\target\classes;C:\Users\dmitry_an\.m2\repository\org\springframework\boot\spring-boot-starter-web\2.4.3\spring-boot-starter-web-2.4.3.jar;C:\Users\dmitry_an\.m2\repository\org\springframework\boot\spring-boot-starter\2.4.3\spring-boot-starter-2.4.3.jar;C:\Users\dmitry_an\.m2\repository\org\springframework\boot\spring-boot\2.4.3\spring-boot-2.4.3.jar;C:\Users\dmitry_an\.m2\repository\org\springframework\boot\spring-boot-autoconfigure\2.4.3\spring-boot-autoconfigure-2.4.3.jar;C:\Users\dmitry_an\.m2\repository\org\springframework\boot\spring-boot-starter-logging\2.4.3\spring-boot-starter-logging-2.4.3.jar;C:\Users\dmitry_an\.m2\repository\ch\qos\logback\logback-classic\1.2.3\logback-classic-1.2.3.jar;C:\Users\dmitry_an\.m2\repository\ch\qos\logback\logback-core\1.2.3\logback-core-1.2.3.jar;C:\Users\dmitry_an\.m2\repository\org\apache\logging\log4j\log4j-to-slf4j\2.13.3\log4j-to-slf4j-2.13.3.jar;C:\Users\dmitry_an\.m2\repository\org\apache\logging\log4j\log4j-api\2.13.3\log4j-api-2.13.3.jar;C:\Users\dmitry_an\.m2\repository\org\slf4j\jul-to-slf4j\1.7.30\jul-to-slf4j-1.7.30.jar;C:\Users\dmitry_an\.m2\repository\jakarta\annotation\jakarta.annotation-api\1.3.5\jakarta.annotation-api-1.3.5.jar;C:\Users\dmitry_an\.m2\repository\org\yaml\snakeyaml\1.27\snakeyaml-1.27.jar;C:\Users\dmitry_an\.m2\repository\org\springframework\boot\spring-boot-starter-json\2.4.3\spring-boot-starter-json-2.4.3.jar;C:\Users\dmitry_an\.m2\repository\com\fasterxml\jackson\core\jackson-databind\2.11.4\jackson-databind-2.11.4.jar;C:\Users\dmitry_an\.m2\repository\com\fasterxml\jackson\core\jackson-annotations\2.11.4\jackson-annotations-2.11.4.jar;C:\Users\dmitry_an\.m2\repository\com\fasterxml\jackson\core\jackson-core\2.11.4\jackson-core-2.11.4.jar;C:\Users\dmitry_an\.m2\repository\com\fasterxml\jackson\datatype\jackson-datatype-jdk8\2.11.4\jackson-datatype-jdk8-2.11.4.jar;C:\Users\dmitry_an\.m2\repository\com\fasterxml\jackson\datatype\jackson-datatype-jsr310\2.11.4\jackson-datatype-jsr310-2.11.4.jar;C:\Users\dmitry_an\.m2\repository\com\fasterxml\jackson\module\jackson-module-parameter-names\2.11.4\jackson-module-parameter-names-2.11.4.jar;C:\Users\dmitry_an\.m2\repository\org\springframework\boot\spring-boot-starter-tomcat\2.4.3\spring-boot-starter-tomcat-2.4.3.jar;C:\Users\dmitry_an\.m2\repository\org\apache\tomcat\embed\tomcat-embed-core\9.0.43\tomcat-embed-core-9.0.43.jar;C:\Users\dmitry_an\.m2\repository\org\glassfish\jakarta.el\3.0.3\jakarta.el-3.0.3.jar;C:\Users\dmitry_an\.m2\repository\org\apache\tomcat\embed\tomcat-embed-websocket\9.0.43\tomcat-embed-websocket-9.0.43.jar;C:\Users\dmitry_an\.m2\repository\org\springframework\spring-web\5.3.4\spring-web-5.3.4.jar;C:\Users\dmitry_an\.m2\repository\org\springframework\spring-webmvc\5.3.4\spring-webmvc-5.3.4.jar;C:\Users\dmitry_an\.m2\repository\org\springframework\spring-aop\5.3.4\spring-aop-5.3.4.jar;C:\Users\dmitry_an\.m2\repository\org\springframework\spring-expression\5.3.4\spring-expression-5.3.4.jar;C:\Users\dmitry_an\.m2\repository\org\springframework\boot\spring-boot-starter-test\2.4.3\spring-boot-starter-test-2.4.3.jar;C:\Users\dmitry_an\.m2\repository\org\springframework\boot\spring-boot-test\2.4.3\spring-boot-test-2.4.3.jar;C:\Users\dmitry_an\.m2\repository\org\springframework\boot\spring-boot-test-autoconfigure\2.4.3\spring-boot-test-autoconfigure-2.4.3.jar;C:\Users\dmitry_an\.m2\repository\com\jayway\jsonpath\json-path\2.4.0\json-path-2.4.0.jar;C:\Users\dmitry_an\.m2\repository\net\minidev\json-smart\2.3\json-smart-2.3.jar;C:\Users\dmitry_an\.m2\repository\net\minidev\accessors-smart\1.2\accessors-smart-1.2.jar;C:\Users\dmitry_an\.m2\repository\org\ow2\asm\asm\5.0.4\asm-5.0.4.jar;C:\Users\dmitry_an\.m2\repository\jakarta\xml\bind\jakarta.xml.bind-api\2.3.3\jakarta.xml.bind-api-2.3.3.jar;C:\Users\dmitry_an\.m2\repository\jakarta\activation\jakarta.activation-api\1.2.2\jakarta.activation-api-1.2.2.jar;C:\Users\dmitry_an\.m2\repository\org\assertj\assertj-core\3.18.1\assertj-core-3.18.1.jar;C:\Users\dmitry_an\.m2\repository\org\hamcrest\hamcrest\2.2\hamcrest-2.2.jar;C:\Users\dmitry_an\.m2\repository\org\junit\jupiter\junit-jupiter\5.7.1\junit-jupiter-5.7.1.jar;C:\Users\dmitry_an\.m2\repository\org\junit\jupiter\junit-jupiter-api\5.7.1\junit-jupiter-api-5.7.1.jar;C:\Users\dmitry_an\.m2\repository\org\junit\jupiter\junit-jupiter-params\5.7.1\junit-jupiter-params-5.7.1.jar;C:\Users\dmitry_an\.m2\repository\org\junit\jupiter\junit-jupiter-engine\5.7.1\junit-jupiter-engine-5.7.1.jar;C:\Users\dmitry_an\.m2\repository\org\mockito\mockito-core\3.6.28\mockito-core-3.6.28.jar;C:\Users\dmitry_an\.m2\repository\net\bytebuddy\byte-buddy\1.10.20\byte-buddy-1.10.20.jar;C:\Users\dmitry_an\.m2\repository\net\bytebuddy\byte-buddy-agent\1.10.20\byte-buddy-agent-1.10.20.jar;C:\Users\dmitry_an\.m2\repository\org\objenesis\objenesis\3.1\objenesis-3.1.jar;C:\Users\dmitry_an\.m2\repository\org\mockito\mockito-junit-jupiter\3.6.28\mockito-junit-jupiter-3.6.28.jar;C:\Users\dmitry_an\.m2\repository\org\skyscreamer\jsonassert\1.5.0\jsonassert-1.5.0.jar;C:\Users\dmitry_an\.m2\repository\com\vaadin\external\google\android-json\0.0.20131108.vaadin1\android-json-0.0.20131108.vaadin1.jar;C:\Users\dmitry_an\.m2\repository\org\springframework\spring-core\5.3.4\spring-core-5.3.4.jar;C:\Users\dmitry_an\.m2\repository\org\springframework\spring-jcl\5.3.4\spring-jcl-5.3.4.jar;C:\Users\dmitry_an\.m2\repository\org\springframework\spring-test\5.3.4\spring-test-5.3.4.jar;C:\Users\dmitry_an\.m2\repository\org\xmlunit\xmlunit-core\2.7.0\xmlunit-core-2.7.0.jar;C:\Users\dmitry_an\.m2\repository\io\springfox\springfox-boot-starter\3.0.0\springfox-boot-starter-3.0.0.jar;C:\Users\dmitry_an\.m2\repository\io\springfox\springfox-oas\3.0.0\springfox-oas-3.0.0.jar;C:\Users\dmitry_an\.m2\repository\io\swagger\core\v3\swagger-annotations\2.1.2\swagger-annotations-2.1.2.jar;C:\Users\dmitry_an\.m2\repository\io\swagger\core\v3\swagger-models\2.1.2\swagger-models-2.1.2.jar;C:\Users\dmitry_an\.m2\repository\io\springfox\springfox-spi\3.0.0\springfox-spi-3.0.0.jar;C:\Users\dmitry_an\.m2\repository\io\springfox\springfox-schema\3.0.0\springfox-schema-3.0.0.jar;C:\Users\dmitry_an\.m2\repository\io\springfox\springfox-core\3.0.0\springfox-core-3.0.0.jar;C:\Users\dmitry_an\.m2\repository\io\springfox\springfox-spring-web\3.0.0\springfox-spring-web-3.0.0.jar;C:\Users\dmitry_an\.m2\repository\io\github\classgraph\classgraph\4.8.83\classgraph-4.8.83.jar;C:\Users\dmitry_an\.m2\repository\io\springfox\springfox-spring-webmvc\3.0.0\springfox-spring-webmvc-3.0.0.jar;C:\Users\dmitry_an\.m2\repository\io\springfox\springfox-spring-webflux\3.0.0\springfox-spring-webflux-3.0.0.jar;C:\Users\dmitry_an\.m2\repository\io\springfox\springfox-swagger-common\3.0.0\springfox-swagger-common-3.0.0.jar;C:\Users\dmitry_an\.m2\repository\org\mapstruct\mapstruct\1.3.1.Final\mapstruct-1.3.1.Final.jar;C:\Users\dmitry_an\.m2\repository\io\springfox\springfox-data-rest\3.0.0\springfox-data-rest-3.0.0.jar;C:\Users\dmitry_an\.m2\repository\io\springfox\springfox-bean-validators\3.0.0\springfox-bean-validators-3.0.0.jar;C:\Users\dmitry_an\.m2\repository\io\springfox\springfox-swagger2\3.0.0\springfox-swagger2-3.0.0.jar;C:\Users\dmitry_an\.m2\repository\io\swagger\swagger-annotations\1.5.20\swagger-annotations-1.5.20.jar;C:\Users\dmitry_an\.m2\repository\io\swagger\swagger-models\1.5.20\swagger-models-1.5.20.jar;C:\Users\dmitry_an\.m2\repository\io\springfox\springfox-swagger-ui\3.0.0\springfox-swagger-ui-3.0.0.jar;C:\Users\dmitry_an\.m2\repository\com\fasterxml\classmate\1.5.1\classmate-1.5.1.jar;C:\Users\dmitry_an\.m2\repository\org\slf4j\slf4j-api\1.7.30\slf4j-api-1.7.30.jar;C:\Users\dmitry_an\.m2\repository\org\springframework\plugin\spring-plugin-core\2.0.0.RELEASE\spring-plugin-core-2.0.0.RELEASE.jar;C:\Users\dmitry_an\.m2\repository\org\springframework\plugin\spring-plugin-metadata\2.0.0.RELEASE\spring-plugin-metadata-2.0.0.RELEASE.jar;C:\Users\dmitry_an\.m2\repository\it\academy\model\1.0-SNAPSHOT\model-1.0-SNAPSHOT.jar;C:\Users\dmitry_an\.m2\repository\org\hibernate\hibernate-core\5.4.28.Final\hibernate-core-5.4.28.Final.jar;C:\Users\dmitry_an\.m2\repository\org\jboss\logging\jboss-logging\3.4.1.Final\jboss-logging-3.4.1.Final.jar;C:\Users\dmitry_an\.m2\repository\javax\persistence\javax.persistence-api\2.2\javax.persistence-api-2.2.jar;C:\Users\dmitry_an\.m2\repository\org\javassist\javassist\3.27.0-GA\javassist-3.27.0-GA.jar;C:\Users\dmitry_an\.m2\repository\antlr\antlr\2.7.7\antlr-2.7.7.jar;C:\Users\dmitry_an\.m2\repository\org\jboss\spec\javax\transaction\jboss-transaction-api_1.2_spec\1.1.1.Final\jboss-transaction-api_1.2_spec-1.1.1.Final.jar;C:\Users\dmitry_an\.m2\repository\org\jboss\jandex\2.2.3.Final\jandex-2.2.3.Final.jar;C:\Users\dmitry_an\.m2\repository\javax\activation\javax.activation-api\1.2.0\javax.activation-api-1.2.0.jar;C:\Users\dmitry_an\.m2\repository\org\dom4j\dom4j\2.1.3\dom4j-2.1.3.jar;C:\Users\dmitry_an\.m2\repository\org\hibernate\common\hibernate-commons-annotations\5.1.2.Final\hibernate-commons-annotations-5.1.2.Final.jar;C:\Users\dmitry_an\.m2\repository\javax\xml\bind\jaxb-api\2.3.1\jaxb-api-2.3.1.jar;C:\Users\dmitry_an\.m2\repository\org\glassfish\jaxb\jaxb-runtime\2.3.3\jaxb-runtime-2.3.3.jar;C:\Users\dmitry_an\.m2\repository\org\glassfish\jaxb\txw2\2.3.3\txw2-2.3.3.jar;C:\Users\dmitry_an\.m2\repository\com\sun\istack\istack-commons-runtime\3.0.11\istack-commons-runtime-3.0.11.jar;C:\Users\dmitry_an\.m2\repository\com\sun\activation\jakarta.activation\1.2.2\jakarta.activation-1.2.2.jar;C:\Users\dmitry_an\.m2\repository\mysql\mysql-connector-java\8.0.23\mysql-connector-java-8.0.23.jar;C:\Users\dmitry_an\.m2\repository\org\dbunit\dbunit\2.7.0\dbunit-2.7.0.jar;C:\Users\dmitry_an\.m2\repository\commons-collections\commons-collections\3.2.2\commons-collections-3.2.2.jar;C:\Users\dmitry_an\.m2\repository\org\apache\poi\poi-ooxml\3.17\poi-ooxml-3.17.jar;C:\Users\dmitry_an\.m2\repository\org\apache\poi\poi\3.17\poi-3.17.jar;C:\Users\dmitry_an\.m2\repository\commons-codec\commons-codec\1.15\commons-codec-1.15.jar;C:\Users\dmitry_an\.m2\repository\org\apache\commons\commons-collections4\4.1\commons-collections4-4.1.jar;C:\Users\dmitry_an\.m2\repository\org\apache\poi\poi-ooxml-schemas\3.17\poi-ooxml-schemas-3.17.jar;C:\Users\dmitry_an\.m2\repository\org\apache\xmlbeans\xmlbeans\2.6.0\xmlbeans-2.6.0.jar;C:\Users\dmitry_an\.m2\repository\stax\stax-api\1.0.1\stax-api-1.0.1.jar;C:\Users\dmitry_an\.m2\repository\com\github\virtuald\curvesapi\1.04\curvesapi-1.04.jar;C:\Users\dmitry_an\.m2\repository\org\postgresql\postgresql\42.2.18\postgresql-42.2.18.jar;C:\Users\dmitry_an\.m2\repository\org\checkerframework\checker-qual\3.5.0\checker-qual-3.5.0.jar;C:\Users\dmitry_an\.m2\repository\org\projectlombok\lombok\1.18.18\lombok-1.18.18.jar;C:\Users\dmitry_an\.m2\repository\it\academy\data\1.0-SNAPSHOT\data-1.0-SNAPSHOT.jar;C:\Users\dmitry_an\.m2\repository\org\springframework\spring-context\5.3.4\spring-context-5.3.4.jar;C:\Users\dmitry_an\.m2\repository\org\apache\commons\commons-dbcp2\2.8.0\commons-dbcp2-2.8.0.jar;C:\Users\dmitry_an\.m2\repository\org\apache\commons\commons-pool2\2.9.0\commons-pool2-2.9.0.jar;C:\Users\dmitry_an\.m2\repository\com\zaxxer\HikariCP\3.4.5\HikariCP-3.4.5.jar;C:\Users\dmitry_an\.m2\repository\org\springframework\spring-orm\5.3.4\spring-orm-5.3.4.jar;C:\Users\dmitry_an\.m2\repository\org\springframework\spring-jdbc\5.3.4\spring-jdbc-5.3.4.jar;C:\Users\dmitry_an\.m2\repository\org\springframework\spring-tx\5.3.4\spring-tx-5.3.4.jar;C:\Users\dmitry_an\.m2\repository\org\springframework\data\spring-data-jpa\2.4.5\spring-data-jpa-2.4.5.jar;C:\Users\dmitry_an\.m2\repository\org\springframework\data\spring-data-commons\2.4.5\spring-data-commons-2.4.5.jar;C:\Users\dmitry_an\.m2\repository\org\aspectj\aspectjrt\1.9.6\aspectjrt-1.9.6.jar;C:\Users\dmitry_an\.m2\repository\it\academy\service\1.0-SNAPSHOT\service-1.0-SNAPSHOT.jar;C:\Users\dmitry_an\.m2\repository\org\springframework\spring-beans\5.3.4\spring-beans-5.3.4.jar;C:\Users\dmitry_an\.m2\repository\org\hibernate\validator\hibernate-validator\6.1.7.Final\hibernate-validator-6.1.7.Final.jar;C:\Users\dmitry_an\.m2\repository\jakarta\validation\jakarta.validation-api\2.0.2\jakarta.validation-api-2.0.2.jar;C:\Users\dmitry_an\.m2\repository\com\jwebmp\jackson\core\jackson-databind\0.66.0.1\jackson-databind-0.66.0.1.jar;C:\Users\dmitry_an\.m2\repository\com\jwebmp\jackson\core\jackson-annotations\0.66.0.1\jackson-annotations-0.66.0.1.jar;C:\Users\dmitry_an\.m2\repository\com\jwebmp\jackson\core\jackson-core\0.66.0.1\jackson-core-0.66.0.1.jar;C:\Users\dmitry_an\.m2\repository\junit\junit\4.13\junit-4.13.jar;C:\Users\dmitry_an\.m2\repository\org\hamcrest\hamcrest-core\2.2\hamcrest-core-2.2.jar;C:\Users\dmitry_an\.m2\repository\javax\servlet\javax.servlet-api\4.0.1\javax.servlet-api-4.0.1.jar;C:\Users\dmitry_an\.m2\repository\org\mockito\mockito-all\1.10.19\mockito-all-1.10.19.jar;C:\Users\dmitry_an\.m2\repository\org\junit\vintage\junit-vintage-engine\5.7.1\junit-vintage-engine-5.7.1.jar;C:\Users\dmitry_an\.m2\repository\org\apiguardian\apiguardian-api\1.1.0\apiguardian-api-1.1.0.jar;C:\Users\dmitry_an\.m2\repository\org\junit\platform\junit-platform-engine\1.7.1\junit-platform-engine-1.7.1.jar;C:\Users\dmitry_an\.m2\repository\org\opentest4j\opentest4j\1.2.0\opentest4j-1.2.0.jar;C:\Users\dmitry_an\.m2\repository\org\junit\platform\junit-platform-commons\1.7.1\junit-platform-commons-1.7.1.jar;"/>
    <property name="java.vm.vendor" value="Oracle Corporation"/>
    <property name="sun.arch.data.model" value="64"/>
    <property name="user.variant" value=""/>
    <property name="java.vendor.url" value="http://java.oracle.com/"/>
    <property name="user.timezone" value="Europe/Minsk"/>
    <property name="java.vm.specification.version" value="11"/>
    <property name="os.name" value="Windows 10"/>
    <property name="sun.java.launcher" value="SUN_STANDARD"/>
    <property name="user.country" value="US"/>
    <property name="sun.boot.library.path" value="C:\java\jdk-11\bin"/>
    <property name="sun.java.command" value="C:\Users\DMITRY~1\AppData\Local\Temp\surefire9146012468679254078\surefirebooter6173156995898358574.jar C:\Users\dmitry_an\AppData\Local\Temp\surefire9146012468679254078 2021-03-17T10-11-35_068-jvmRun1 surefire15958333489040820416tmp surefire_02543079251770540391tmp"/>
    <property name="jdk.debug" value="release"/>
    <property name="surefire.test.class.path" value="C:\work\shop\api\target\test-classes;C:\work\shop\api\target\classes;C:\Users\dmitry_an\.m2\repository\org\springframework\boot\spring-boot-starter-web\2.4.3\spring-boot-starter-web-2.4.3.jar;C:\Users\dmitry_an\.m2\repository\org\springframework\boot\spring-boot-starter\2.4.3\spring-boot-starter-2.4.3.jar;C:\Users\dmitry_an\.m2\repository\org\springframework\boot\spring-boot\2.4.3\spring-boot-2.4.3.jar;C:\Users\dmitry_an\.m2\repository\org\springframework\boot\spring-boot-autoconfigure\2.4.3\spring-boot-autoconfigure-2.4.3.jar;C:\Users\dmitry_an\.m2\repository\org\springframework\boot\spring-boot-starter-logging\2.4.3\spring-boot-starter-logging-2.4.3.jar;C:\Users\dmitry_an\.m2\repository\ch\qos\logback\logback-classic\1.2.3\logback-classic-1.2.3.jar;C:\Users\dmitry_an\.m2\repository\ch\qos\logback\logback-core\1.2.3\logback-core-1.2.3.jar;C:\Users\dmitry_an\.m2\repository\org\apache\logging\log4j\log4j-to-slf4j\2.13.3\log4j-to-slf4j-2.13.3.jar;C:\Users\dmitry_an\.m2\repository\org\apache\logging\log4j\log4j-api\2.13.3\log4j-api-2.13.3.jar;C:\Users\dmitry_an\.m2\repository\org\slf4j\jul-to-slf4j\1.7.30\jul-to-slf4j-1.7.30.jar;C:\Users\dmitry_an\.m2\repository\jakarta\annotation\jakarta.annotation-api\1.3.5\jakarta.annotation-api-1.3.5.jar;C:\Users\dmitry_an\.m2\repository\org\yaml\snakeyaml\1.27\snakeyaml-1.27.jar;C:\Users\dmitry_an\.m2\repository\org\springframework\boot\spring-boot-starter-json\2.4.3\spring-boot-starter-json-2.4.3.jar;C:\Users\dmitry_an\.m2\repository\com\fasterxml\jackson\core\jackson-databind\2.11.4\jackson-databind-2.11.4.jar;C:\Users\dmitry_an\.m2\repository\com\fasterxml\jackson\core\jackson-annotations\2.11.4\jackson-annotations-2.11.4.jar;C:\Users\dmitry_an\.m2\repository\com\fasterxml\jackson\core\jackson-core\2.11.4\jackson-core-2.11.4.jar;C:\Users\dmitry_an\.m2\repository\com\fasterxml\jackson\datatype\jackson-datatype-jdk8\2.11.4\jackson-datatype-jdk8-2.11.4.jar;C:\Users\dmitry_an\.m2\repository\com\fasterxml\jackson\datatype\jackson-datatype-jsr310\2.11.4\jackson-datatype-jsr310-2.11.4.jar;C:\Users\dmitry_an\.m2\repository\com\fasterxml\jackson\module\jackson-module-parameter-names\2.11.4\jackson-module-parameter-names-2.11.4.jar;C:\Users\dmitry_an\.m2\repository\org\springframework\boot\spring-boot-starter-tomcat\2.4.3\spring-boot-starter-tomcat-2.4.3.jar;C:\Users\dmitry_an\.m2\repository\org\apache\tomcat\embed\tomcat-embed-core\9.0.43\tomcat-embed-core-9.0.43.jar;C:\Users\dmitry_an\.m2\repository\org\glassfish\jakarta.el\3.0.3\jakarta.el-3.0.3.jar;C:\Users\dmitry_an\.m2\repository\org\apache\tomcat\embed\tomcat-embed-websocket\9.0.43\tomcat-embed-websocket-9.0.43.jar;C:\Users\dmitry_an\.m2\repository\org\springframework\spring-web\5.3.4\spring-web-5.3.4.jar;C:\Users\dmitry_an\.m2\repository\org\springframework\spring-webmvc\5.3.4\spring-webmvc-5.3.4.jar;C:\Users\dmitry_an\.m2\repository\org\springframework\spring-aop\5.3.4\spring-aop-5.3.4.jar;C:\Users\dmitry_an\.m2\repository\org\springframework\spring-expression\5.3.4\spring-expression-5.3.4.jar;C:\Users\dmitry_an\.m2\repository\org\springframework\boot\spring-boot-starter-test\2.4.3\spring-boot-starter-test-2.4.3.jar;C:\Users\dmitry_an\.m2\repository\org\springframework\boot\spring-boot-test\2.4.3\spring-boot-test-2.4.3.jar;C:\Users\dmitry_an\.m2\repository\org\springframework\boot\spring-boot-test-autoconfigure\2.4.3\spring-boot-test-autoconfigure-2.4.3.jar;C:\Users\dmitry_an\.m2\repository\com\jayway\jsonpath\json-path\2.4.0\json-path-2.4.0.jar;C:\Users\dmitry_an\.m2\repository\net\minidev\json-smart\2.3\json-smart-2.3.jar;C:\Users\dmitry_an\.m2\repository\net\minidev\accessors-smart\1.2\accessors-smart-1.2.jar;C:\Users\dmitry_an\.m2\repository\org\ow2\asm\asm\5.0.4\asm-5.0.4.jar;C:\Users\dmitry_an\.m2\repository\jakarta\xml\bind\jakarta.xml.bind-api\2.3.3\jakarta.xml.bind-api-2.3.3.jar;C:\Users\dmitry_an\.m2\repository\jakarta\activation\jakarta.activation-api\1.2.2\jakarta.activation-api-1.2.2.jar;C:\Users\dmitry_an\.m2\repository\org\assertj\assertj-core\3.18.1\assertj-core-3.18.1.jar;C:\Users\dmitry_an\.m2\repository\org\hamcrest\hamcrest\2.2\hamcrest-2.2.jar;C:\Users\dmitry_an\.m2\repository\org\junit\jupiter\junit-jupiter\5.7.1\junit-jupiter-5.7.1.jar;C:\Users\dmitry_an\.m2\repository\org\junit\jupiter\junit-jupiter-api\5.7.1\junit-jupiter-api-5.7.1.jar;C:\Users\dmitry_an\.m2\repository\org\junit\jupiter\junit-jupiter-params\5.7.1\junit-jupiter-params-5.7.1.jar;C:\Users\dmitry_an\.m2\repository\org\junit\jupiter\junit-jupiter-engine\5.7.1\junit-jupiter-engine-5.7.1.jar;C:\Users\dmitry_an\.m2\repository\org\mockito\mockito-core\3.6.28\mockito-core-3.6.28.jar;C:\Users\dmitry_an\.m2\repository\net\bytebuddy\byte-buddy\1.10.20\byte-buddy-1.10.20.jar;C:\Users\dmitry_an\.m2\repository\net\bytebuddy\byte-buddy-agent\1.10.20\byte-buddy-agent-1.10.20.jar;C:\Users\dmitry_an\.m2\repository\org\objenesis\objenesis\3.1\objenesis-3.1.jar;C:\Users\dmitry_an\.m2\repository\org\mockito\mockito-junit-jupiter\3.6.28\mockito-junit-jupiter-3.6.28.jar;C:\Users\dmitry_an\.m2\repository\org\skyscreamer\jsonassert\1.5.0\jsonassert-1.5.0.jar;C:\Users\dmitry_an\.m2\repository\com\vaadin\external\google\android-json\0.0.20131108.vaadin1\android-json-0.0.20131108.vaadin1.jar;C:\Users\dmitry_an\.m2\repository\org\springframework\spring-core\5.3.4\spring-core-5.3.4.jar;C:\Users\dmitry_an\.m2\repository\org\springframework\spring-jcl\5.3.4\spring-jcl-5.3.4.jar;C:\Users\dmitry_an\.m2\repository\org\springframework\spring-test\5.3.4\spring-test-5.3.4.jar;C:\Users\dmitry_an\.m2\repository\org\xmlunit\xmlunit-core\2.7.0\xmlunit-core-2.7.0.jar;C:\Users\dmitry_an\.m2\repository\io\springfox\springfox-boot-starter\3.0.0\springfox-boot-starter-3.0.0.jar;C:\Users\dmitry_an\.m2\repository\io\springfox\springfox-oas\3.0.0\springfox-oas-3.0.0.jar;C:\Users\dmitry_an\.m2\repository\io\swagger\core\v3\swagger-annotations\2.1.2\swagger-annotations-2.1.2.jar;C:\Users\dmitry_an\.m2\repository\io\swagger\core\v3\swagger-models\2.1.2\swagger-models-2.1.2.jar;C:\Users\dmitry_an\.m2\repository\io\springfox\springfox-spi\3.0.0\springfox-spi-3.0.0.jar;C:\Users\dmitry_an\.m2\repository\io\springfox\springfox-schema\3.0.0\springfox-schema-3.0.0.jar;C:\Users\dmitry_an\.m2\repository\io\springfox\springfox-core\3.0.0\springfox-core-3.0.0.jar;C:\Users\dmitry_an\.m2\repository\io\springfox\springfox-spring-web\3.0.0\springfox-spring-web-3.0.0.jar;C:\Users\dmitry_an\.m2\repository\io\github\classgraph\classgraph\4.8.83\classgraph-4.8.83.jar;C:\Users\dmitry_an\.m2\repository\io\springfox\springfox-spring-webmvc\3.0.0\springfox-spring-webmvc-3.0.0.jar;C:\Users\dmitry_an\.m2\repository\io\springfox\springfox-spring-webflux\3.0.0\springfox-spring-webflux-3.0.0.jar;C:\Users\dmitry_an\.m2\repository\io\springfox\springfox-swagger-common\3.0.0\springfox-swagger-common-3.0.0.jar;C:\Users\dmitry_an\.m2\repository\org\mapstruct\mapstruct\1.3.1.Final\mapstruct-1.3.1.Final.jar;C:\Users\dmitry_an\.m2\repository\io\springfox\springfox-data-rest\3.0.0\springfox-data-rest-3.0.0.jar;C:\Users\dmitry_an\.m2\repository\io\springfox\springfox-bean-validators\3.0.0\springfox-bean-validators-3.0.0.jar;C:\Users\dmitry_an\.m2\repository\io\springfox\springfox-swagger2\3.0.0\springfox-swagger2-3.0.0.jar;C:\Users\dmitry_an\.m2\repository\io\swagger\swagger-annotations\1.5.20\swagger-annotations-1.5.20.jar;C:\Users\dmitry_an\.m2\repository\io\swagger\swagger-models\1.5.20\swagger-models-1.5.20.jar;C:\Users\dmitry_an\.m2\repository\io\springfox\springfox-swagger-ui\3.0.0\springfox-swagger-ui-3.0.0.jar;C:\Users\dmitry_an\.m2\repository\com\fasterxml\classmate\1.5.1\classmate-1.5.1.jar;C:\Users\dmitry_an\.m2\repository\org\slf4j\slf4j-api\1.7.30\slf4j-api-1.7.30.jar;C:\Users\dmitry_an\.m2\repository\org\springframework\plugin\spring-plugin-core\2.0.0.RELEASE\spring-plugin-core-2.0.0.RELEASE.jar;C:\Users\dmitry_an\.m2\repository\org\springframework\plugin\spring-plugin-metadata\2.0.0.RELEASE\spring-plugin-metadata-2.0.0.RELEASE.jar;C:\Users\dmitry_an\.m2\repository\it\academy\model\1.0-SNAPSHOT\model-1.0-SNAPSHOT.jar;C:\Users\dmitry_an\.m2\repository\org\hibernate\hibernate-core\5.4.28.Final\hibernate-core-5.4.28.Final.jar;C:\Users\dmitry_an\.m2\repository\org\jboss\logging\jboss-logging\3.4.1.Final\jboss-logging-3.4.1.Final.jar;C:\Users\dmitry_an\.m2\repository\javax\persistence\javax.persistence-api\2.2\javax.persistence-api-2.2.jar;C:\Users\dmitry_an\.m2\repository\org\javassist\javassist\3.27.0-GA\javassist-3.27.0-GA.jar;C:\Users\dmitry_an\.m2\repository\antlr\antlr\2.7.7\antlr-2.7.7.jar;C:\Users\dmitry_an\.m2\repository\org\jboss\spec\javax\transaction\jboss-transaction-api_1.2_spec\1.1.1.Final\jboss-transaction-api_1.2_spec-1.1.1.Final.jar;C:\Users\dmitry_an\.m2\repository\org\jboss\jandex\2.2.3.Final\jandex-2.2.3.Final.jar;C:\Users\dmitry_an\.m2\repository\javax\activation\javax.activation-api\1.2.0\javax.activation-api-1.2.0.jar;C:\Users\dmitry_an\.m2\repository\org\dom4j\dom4j\2.1.3\dom4j-2.1.3.jar;C:\Users\dmitry_an\.m2\repository\org\hibernate\common\hibernate-commons-annotations\5.1.2.Final\hibernate-commons-annotations-5.1.2.Final.jar;C:\Users\dmitry_an\.m2\repository\javax\xml\bind\jaxb-api\2.3.1\jaxb-api-2.3.1.jar;C:\Users\dmitry_an\.m2\repository\org\glassfish\jaxb\jaxb-runtime\2.3.3\jaxb-runtime-2.3.3.jar;C:\Users\dmitry_an\.m2\repository\org\glassfish\jaxb\txw2\2.3.3\txw2-2.3.3.jar;C:\Users\dmitry_an\.m2\repository\com\sun\istack\istack-commons-runtime\3.0.11\istack-commons-runtime-3.0.11.jar;C:\Users\dmitry_an\.m2\repository\com\sun\activation\jakarta.activation\1.2.2\jakarta.activation-1.2.2.jar;C:\Users\dmitry_an\.m2\repository\mysql\mysql-connector-java\8.0.23\mysql-connector-java-8.0.23.jar;C:\Users\dmitry_an\.m2\repository\org\dbunit\dbunit\2.7.0\dbunit-2.7.0.jar;C:\Users\dmitry_an\.m2\repository\commons-collections\commons-collections\3.2.2\commons-collections-3.2.2.jar;C:\Users\dmitry_an\.m2\repository\org\apache\poi\poi-ooxml\3.17\poi-ooxml-3.17.jar;C:\Users\dmitry_an\.m2\repository\org\apache\poi\poi\3.17\poi-3.17.jar;C:\Users\dmitry_an\.m2\repository\commons-codec\commons-codec\1.15\commons-codec-1.15.jar;C:\Users\dmitry_an\.m2\repository\org\apache\commons\commons-collections4\4.1\commons-collections4-4.1.jar;C:\Users\dmitry_an\.m2\repository\org\apache\poi\poi-ooxml-schemas\3.17\poi-ooxml-schemas-3.17.jar;C:\Users\dmitry_an\.m2\repository\org\apache\xmlbeans\xmlbeans\2.6.0\xmlbeans-2.6.0.jar;C:\Users\dmitry_an\.m2\repository\stax\stax-api\1.0.1\stax-api-1.0.1.jar;C:\Users\dmitry_an\.m2\repository\com\github\virtuald\curvesapi\1.04\curvesapi-1.04.jar;C:\Users\dmitry_an\.m2\repository\org\postgresql\postgresql\42.2.18\postgresql-42.2.18.jar;C:\Users\dmitry_an\.m2\repository\org\checkerframework\checker-qual\3.5.0\checker-qual-3.5.0.jar;C:\Users\dmitry_an\.m2\repository\org\projectlombok\lombok\1.18.18\lombok-1.18.18.jar;C:\Users\dmitry_an\.m2\repository\it\academy\data\1.0-SNAPSHOT\data-1.0-SNAPSHOT.jar;C:\Users\dmitry_an\.m2\repository\org\springframework\spring-context\5.3.4\spring-context-5.3.4.jar;C:\Users\dmitry_an\.m2\repository\org\apache\commons\commons-dbcp2\2.8.0\commons-dbcp2-2.8.0.jar;C:\Users\dmitry_an\.m2\repository\org\apache\commons\commons-pool2\2.9.0\commons-pool2-2.9.0.jar;C:\Users\dmitry_an\.m2\repository\com\zaxxer\HikariCP\3.4.5\HikariCP-3.4.5.jar;C:\Users\dmitry_an\.m2\repository\org\springframework\spring-orm\5.3.4\spring-orm-5.3.4.jar;C:\Users\dmitry_an\.m2\repository\org\springframework\spring-jdbc\5.3.4\spring-jdbc-5.3.4.jar;C:\Users\dmitry_an\.m2\repository\org\springframework\spring-tx\5.3.4\spring-tx-5.3.4.jar;C:\Users\dmitry_an\.m2\repository\org\springframework\data\spring-data-jpa\2.4.5\spring-data-jpa-2.4.5.jar;C:\Users\dmitry_an\.m2\repository\org\springframework\data\spring-data-commons\2.4.5\spring-data-commons-2.4.5.jar;C:\Users\dmitry_an\.m2\repository\org\aspectj\aspectjrt\1.9.6\aspectjrt-1.9.6.jar;C:\Users\dmitry_an\.m2\repository\it\academy\service\1.0-SNAPSHOT\service-1.0-SNAPSHOT.jar;C:\Users\dmitry_an\.m2\repository\org\springframework\spring-beans\5.3.4\spring-beans-5.3.4.jar;C:\Users\dmitry_an\.m2\repository\org\hibernate\validator\hibernate-validator\6.1.7.Final\hibernate-validator-6.1.7.Final.jar;C:\Users\dmitry_an\.m2\repository\jakarta\validation\jakarta.validation-api\2.0.2\jakarta.validation-api-2.0.2.jar;C:\Users\dmitry_an\.m2\repository\com\jwebmp\jackson\core\jackson-databind\0.66.0.1\jackson-databind-0.66.0.1.jar;C:\Users\dmitry_an\.m2\repository\com\jwebmp\jackson\core\jackson-annotations\0.66.0.1\jackson-annotations-0.66.0.1.jar;C:\Users\dmitry_an\.m2\repository\com\jwebmp\jackson\core\jackson-core\0.66.0.1\jackson-core-0.66.0.1.jar;C:\Users\dmitry_an\.m2\repository\junit\junit\4.13\junit-4.13.jar;C:\Users\dmitry_an\.m2\repository\org\hamcrest\hamcrest-core\2.2\hamcrest-core-2.2.jar;C:\Users\dmitry_an\.m2\repository\javax\servlet\javax.servlet-api\4.0.1\javax.servlet-api-4.0.1.jar;C:\Users\dmitry_an\.m2\repository\org\mockito\mockito-all\1.10.19\mockito-all-1.10.19.jar;C:\Users\dmitry_an\.m2\repository\org\junit\vintage\junit-vintage-engine\5.7.1\junit-vintage-engine-5.7.1.jar;C:\Users\dmitry_an\.m2\repository\org\apiguardian\apiguardian-api\1.1.0\apiguardian-api-1.1.0.jar;C:\Users\dmitry_an\.m2\repository\org\junit\platform\junit-platform-engine\1.7.1\junit-platform-engine-1.7.1.jar;C:\Users\dmitry_an\.m2\repository\org\opentest4j\opentest4j\1.2.0\opentest4j-1.2.0.jar;C:\Users\dmitry_an\.m2\repository\org\junit\platform\junit-platform-commons\1.7.1\junit-platform-commons-1.7.1.jar;"/>
    <property name="sun.cpu.endian" value="little"/>
    <property name="user.home" value="C:\Users\dmitry_an"/>
    <property name="user.language" value="en"/>
    <property name="java.specification.vendor" value="Oracle Corporation"/>
    <property name="java.version.date" value="2018-09-25"/>
    <property name="java.home" value="C:\java\jdk-11"/>
    <property name="file.separator" value="\"/>
    <property name="basedir" value="C:\work\shop\api"/>
    <property name="java.vm.compressedOopsMode" value="32-bit"/>
    <property name="line.separator" value="&#10;"/>
    <property name="java.specification.name" value="Java Platform API Specification"/>
    <property name="java.vm.specification.vendor" value="Oracle Corporation"/>
    <property name="java.awt.graphicsenv" value="sun.awt.Win32GraphicsEnvironment"/>
    <property name="surefire.real.class.path" value="C:\Users\DMITRY~1\AppData\Local\Temp\surefire9146012468679254078\surefirebooter6173156995898358574.jar"/>
    <property name="user.script" value=""/>
    <property name="sun.management.compiler" value="HotSpot 64-Bit Tiered Compilers"/>
    <property name="java.runtime.version" value="11+28"/>
    <property name="user.name" value="Dmitry_An"/>
    <property name="path.separator" value=";"/>
    <property name="os.version" value="10.0"/>
    <property name="java.runtime.name" value="OpenJDK Runtime Environment"/>
    <property name="file.encoding" value="Cp1251"/>
    <property name="java.vm.name" value="OpenJDK 64-Bit Server VM"/>
    <property name="java.vendor.version" value="18.9"/>
    <property name="localRepository" value="C:\Users\dmitry_an\.m2\repository"/>
    <property name="java.vendor.url.bug" value="http://bugreport.java.com/bugreport/"/>
    <property name="java.io.tmpdir" value="C:\Users\DMITRY~1\AppData\Local\Temp\"/>
    <property name="idea.version" value="2020.3.2"/>
    <property name="java.version" value="11"/>
    <property name="user.dir" value="C:\work\shop\api"/>
    <property name="os.arch" value="amd64"/>
    <property name="java.vm.specification.name" value="Java Virtual Machine Specification"/>
    <property name="java.awt.printerjob" value="sun.awt.windows.WPrinterJob"/>
    <property name="sun.os.patch.level" value=""/>
    <property name="java.library.path" value="C:\java\jdk-11\bin;C:\WINDOWS\Sun\Java\bin;C:\WINDOWS\system32;C:\WINDOWS;C:\Program Files (x86)\Common Files\Oracle\Java\javapath;C:\Program Files\Broadcom\Broadcom 802.11 Network Adapter;C:\WINDOWS\system32;C:\WINDOWS;C:\WINDOWS\System32\Wbem;C:\WINDOWS\System32\WindowsPowerShell\v1.0\;C:\WINDOWS\System32\OpenSSH\;C:\WINDOWS\CCM;C:\WINDOWS\CCM;C:\Program Files (x86)\Microsoft SQL Server\Client SDK\ODBC\130\Tools\Binn\;C:\Program Files (x86)\Microsoft SQL Server\130\Tools\Binn\;C:\Program Files (x86)\Microsoft SQL Server\130\DTS\Binn\;C:\Program Files (x86)\Microsoft SQL Server\130\Tools\Binn\ManagementStudio\;C:\Program Files\Microsoft Network Monitor 3\;C:\Program Files (x86)\Intel\Intel(R) Management Engine Components\DAL;C:\Program Files\Intel\Intel(R) Management Engine Components\DAL;C:\Program Files (x86)\Common Files\MapInfo Shared\MapX Common;C:\Program Files\Git\cmd;C:\Android;C:\Windows\System32;C:\Users\dmitry_an\AppData\Local\Microsoft\WindowsApps;C:\adb;;."/>
    <property name="java.vendor" value="Oracle Corporation"/>
    <property name="java.vm.info" value="mixed mode"/>
    <property name="java.vm.version" value="11+28"/>
    <property name="sun.io.unicode.encoding" value="UnicodeLittle"/>
    <property name="java.class.version" value="55.0"/>
  </properties>
  <testcase name="readVisitorCount" classname="it.academy.rest.VisitorCountRestServiceTest" time="0.106"/>
  <testcase name="updateVisitorCount" classname="it.academy.rest.VisitorCountRestServiceTest" time="0.388">
    <failure message="expected:&lt;[100]0&gt; but was:&lt;[]0&gt;" type="org.junit.ComparisonFailure"><![CDATA[org.junit.ComparisonFailure: expected:<[100]0> but was:<[]0>
	at it.academy.rest.VisitorCountRestServiceTest.updateVisitorCount(VisitorCountRestServiceTest.java:74)
]]></failure>
    <system-out><![CDATA[10:12:14.348 [main] DEBUG org.springframework.test.annotation.ProfileValueUtils - Retrieved @ProfileValueSourceConfiguration [null] for test class [it.academy.rest.VisitorCountRestServiceTest]
10:12:14.349 [main] DEBUG org.springframework.test.annotation.ProfileValueUtils - Retrieved ProfileValueSource type [class org.springframework.test.annotation.SystemProfileValueSource] for class [it.academy.rest.VisitorCountRestServiceTest]
10:12:14.349 [main] DEBUG org.springframework.test.context.cache.DefaultCacheAwareContextLoaderDelegate - Retrieved ApplicationContext [443942537] from cache with key [[WebMergedContextConfiguration@b7e53b1 testClass = VisitorCountRestServiceTest, locations = '{}', classes = '{class it.academy.RestTestConfiguration}', contextInitializerClasses = '[]', activeProfiles = '{test}', propertySourceLocations = '{}', propertySourceProperties = '{}', contextCustomizers = set[org.springframework.boot.test.context.filter.ExcludeFilterContextCustomizer@700fb871, org.springframework.boot.test.json.DuplicateJsonObjectContextCustomizerFactory$DuplicateJsonObjectContextCustomizer@1e16c0aa, org.springframework.boot.test.mock.mockito.MockitoContextCustomizer@0, org.springframework.boot.test.autoconfigure.actuate.metrics.MetricsExportContextCustomizerFactory$DisableMetricExportContextCustomizer@50029372, org.springframework.boot.test.autoconfigure.properties.PropertyMappingContextCustomizer@0, org.springframework.boot.test.autoconfigure.web.servlet.WebDriverContextCustomizerFactory$Customizer@5852c06f, org.springframework.test.context.web.socket.MockServerContainerContextCustomizer@7d61eb55], resourceBasePath = 'src/main/webapp', contextLoader = 'org.springframework.test.context.web.WebDelegatingSmartContextLoader', parent = [null]]]
10:12:14.349 [main] DEBUG org.springframework.test.context.cache - Spring test ApplicationContext cache statistics: [DefaultContextCache@4be171d1 size = 1, maxSize = 32, parentContextCount = 0, hitCount = 74, missCount = 1]
10:12:14.349 [main] DEBUG org.springframework.test.context.web.ServletTestExecutionListener - Setting up MockHttpServletRequest, MockHttpServletResponse, ServletWebRequest, and RequestContextHolder for test context [DefaultTestContext@2493f9a8 testClass = VisitorCountRestServiceTest, testInstance = it.academy.rest.VisitorCountRestServiceTest@4b9b57d9, testMethod = [null], testException = [null], mergedContextConfiguration = [WebMergedContextConfiguration@b7e53b1 testClass = VisitorCountRestServiceTest, locations = '{}', classes = '{class it.academy.RestTestConfiguration}', contextInitializerClasses = '[]', activeProfiles = '{test}', propertySourceLocations = '{}', propertySourceProperties = '{}', contextCustomizers = set[org.springframework.boot.test.context.filter.ExcludeFilterContextCustomizer@700fb871, org.springframework.boot.test.json.DuplicateJsonObjectContextCustomizerFactory$DuplicateJsonObjectContextCustomizer@1e16c0aa, org.springframework.boot.test.mock.mockito.MockitoContextCustomizer@0, org.springframework.boot.test.autoconfigure.actuate.metrics.MetricsExportContextCustomizerFactory$DisableMetricExportContextCustomizer@50029372, org.springframework.boot.test.autoconfigure.properties.PropertyMappingContextCustomizer@0, org.springframework.boot.test.autoconfigure.web.servlet.WebDriverContextCustomizerFactory$Customizer@5852c06f, org.springframework.test.context.web.socket.MockServerContainerContextCustomizer@7d61eb55], resourceBasePath = 'src/main/webapp', contextLoader = 'org.springframework.test.context.web.WebDelegatingSmartContextLoader', parent = [null]], attributes = map['org.springframework.test.context.event.ApplicationEventsTestExecutionListener.recordApplicationEvents' -> false, 'org.springframework.test.context.support.DependencyInjectionTestExecutionListener.reinjectDependencies' -> true]].
10:12:14.349 [main] DEBUG org.springframework.test.context.support.DependencyInjectionTestExecutionListener - Performing dependency injection for test context [[DefaultTestContext@2493f9a8 testClass = VisitorCountRestServiceTest, testInstance = it.academy.rest.VisitorCountRestServiceTest@4b9b57d9, testMethod = [null], testException = [null], mergedContextConfiguration = [WebMergedContextConfiguration@b7e53b1 testClass = VisitorCountRestServiceTest, locations = '{}', classes = '{class it.academy.RestTestConfiguration}', contextInitializerClasses = '[]', activeProfiles = '{test}', propertySourceLocations = '{}', propertySourceProperties = '{}', contextCustomizers = set[org.springframework.boot.test.context.filter.ExcludeFilterContextCustomizer@700fb871, org.springframework.boot.test.json.DuplicateJsonObjectContextCustomizerFactory$DuplicateJsonObjectContextCustomizer@1e16c0aa, org.springframework.boot.test.mock.mockito.MockitoContextCustomizer@0, org.springframework.boot.test.autoconfigure.actuate.metrics.MetricsExportContextCustomizerFactory$DisableMetricExportContextCustomizer@50029372, org.springframework.boot.test.autoconfigure.properties.PropertyMappingContextCustomizer@0, org.springframework.boot.test.autoconfigure.web.servlet.WebDriverContextCustomizerFactory$Customizer@5852c06f, org.springframework.test.context.web.socket.MockServerContainerContextCustomizer@7d61eb55], resourceBasePath = 'src/main/webapp', contextLoader = 'org.springframework.test.context.web.WebDelegatingSmartContextLoader', parent = [null]], attributes = map['org.springframework.test.context.web.ServletTestExecutionListener.populatedRequestContextHolder' -> true, 'org.springframework.test.context.web.ServletTestExecutionListener.resetRequestContextHolder' -> true, 'org.springframework.test.context.event.ApplicationEventsTestExecutionListener.recordApplicationEvents' -> false, 'org.springframework.test.context.support.DependencyInjectionTestExecutionListener.reinjectDependencies' -> true]]].
10:12:14.349 [main] DEBUG org.springframework.test.context.cache.DefaultCacheAwareContextLoaderDelegate - Retrieved ApplicationContext [443942537] from cache with key [[WebMergedContextConfiguration@b7e53b1 testClass = VisitorCountRestServiceTest, locations = '{}', classes = '{class it.academy.RestTestConfiguration}', contextInitializerClasses = '[]', activeProfiles = '{test}', propertySourceLocations = '{}', propertySourceProperties = '{}', contextCustomizers = set[org.springframework.boot.test.context.filter.ExcludeFilterContextCustomizer@700fb871, org.springframework.boot.test.json.DuplicateJsonObjectContextCustomizerFactory$DuplicateJsonObjectContextCustomizer@1e16c0aa, org.springframework.boot.test.mock.mockito.MockitoContextCustomizer@0, org.springframework.boot.test.autoconfigure.actuate.metrics.MetricsExportContextCustomizerFactory$DisableMetricExportContextCustomizer@50029372, org.springframework.boot.test.autoconfigure.properties.PropertyMappingContextCustomizer@0, org.springframework.boot.test.autoconfigure.web.servlet.WebDriverContextCustomizerFactory$Customizer@5852c06f, org.springframework.test.context.web.socket.MockServerContainerContextCustomizer@7d61eb55], resourceBasePath = 'src/main/webapp', contextLoader = 'org.springframework.test.context.web.WebDelegatingSmartContextLoader', parent = [null]]]
10:12:14.349 [main] DEBUG org.springframework.test.context.cache - Spring test ApplicationContext cache statistics: [DefaultContextCache@4be171d1 size = 1, maxSize = 32, parentContextCount = 0, hitCount = 75, missCount = 1]
10:12:14.350 [main] DEBUG org.springframework.test.context.cache.DefaultCacheAwareContextLoaderDelegate - Retrieved ApplicationContext [443942537] from cache with key [[WebMergedContextConfiguration@b7e53b1 testClass = VisitorCountRestServiceTest, locations = '{}', classes = '{class it.academy.RestTestConfiguration}', contextInitializerClasses = '[]', activeProfiles = '{test}', propertySourceLocations = '{}', propertySourceProperties = '{}', contextCustomizers = set[org.springframework.boot.test.context.filter.ExcludeFilterContextCustomizer@700fb871, org.springframework.boot.test.json.DuplicateJsonObjectContextCustomizerFactory$DuplicateJsonObjectContextCustomizer@1e16c0aa, org.springframework.boot.test.mock.mockito.MockitoContextCustomizer@0, org.springframework.boot.test.autoconfigure.actuate.metrics.MetricsExportContextCustomizerFactory$DisableMetricExportContextCustomizer@50029372, org.springframework.boot.test.autoconfigure.properties.PropertyMappingContextCustomizer@0, org.springframework.boot.test.autoconfigure.web.servlet.WebDriverContextCustomizerFactory$Customizer@5852c06f, org.springframework.test.context.web.socket.MockServerContainerContextCustomizer@7d61eb55], resourceBasePath = 'src/main/webapp', contextLoader = 'org.springframework.test.context.web.WebDelegatingSmartContextLoader', parent = [null]]]
10:12:14.350 [main] DEBUG org.springframework.test.context.cache - Spring test ApplicationContext cache statistics: [DefaultContextCache@4be171d1 size = 1, maxSize = 32, parentContextCount = 0, hitCount = 76, missCount = 1]
10:12:14.350 [main] DEBUG org.springframework.test.context.support.AbstractDirtiesContextTestExecutionListener - Before test method: context [DefaultTestContext@2493f9a8 testClass = VisitorCountRestServiceTest, testInstance = it.academy.rest.VisitorCountRestServiceTest@4b9b57d9, testMethod = updateVisitorCount@VisitorCountRestServiceTest, testException = [null], mergedContextConfiguration = [WebMergedContextConfiguration@b7e53b1 testClass = VisitorCountRestServiceTest, locations = '{}', classes = '{class it.academy.RestTestConfiguration}', contextInitializerClasses = '[]', activeProfiles = '{test}', propertySourceLocations = '{}', propertySourceProperties = '{}', contextCustomizers = set[org.springframework.boot.test.context.filter.ExcludeFilterContextCustomizer@700fb871, org.springframework.boot.test.json.DuplicateJsonObjectContextCustomizerFactory$DuplicateJsonObjectContextCustomizer@1e16c0aa, org.springframework.boot.test.mock.mockito.MockitoContextCustomizer@0, org.springframework.boot.test.autoconfigure.actuate.metrics.MetricsExportContextCustomizerFactory$DisableMetricExportContextCustomizer@50029372, org.springframework.boot.test.autoconfigure.properties.PropertyMappingContextCustomizer@0, org.springframework.boot.test.autoconfigure.web.servlet.WebDriverContextCustomizerFactory$Customizer@5852c06f, org.springframework.test.context.web.socket.MockServerContainerContextCustomizer@7d61eb55], resourceBasePath = 'src/main/webapp', contextLoader = 'org.springframework.test.context.web.WebDelegatingSmartContextLoader', parent = [null]], attributes = map['org.springframework.test.context.web.ServletTestExecutionListener.populatedRequestContextHolder' -> true, 'org.springframework.test.context.web.ServletTestExecutionListener.resetRequestContextHolder' -> true, 'org.springframework.test.context.event.ApplicationEventsTestExecutionListener.recordApplicationEvents' -> false]], class annotated with @DirtiesContext [false] with mode [null], method annotated with @DirtiesContext [false] with mode [null].
10:12:14.353 [main] DEBUG org.springframework.test.context.transaction.TransactionalTestExecutionListener - Explicit transaction definition [PROPAGATION_REQUIRED,ISOLATION_DEFAULT] found for test context [DefaultTestContext@2493f9a8 testClass = VisitorCountRestServiceTest, testInstance = it.academy.rest.VisitorCountRestServiceTest@4b9b57d9, testMethod = updateVisitorCount@VisitorCountRestServiceTest, testException = [null], mergedContextConfiguration = [WebMergedContextConfiguration@b7e53b1 testClass = VisitorCountRestServiceTest, locations = '{}', classes = '{class it.academy.RestTestConfiguration}', contextInitializerClasses = '[]', activeProfiles = '{test}', propertySourceLocations = '{}', propertySourceProperties = '{}', contextCustomizers = set[org.springframework.boot.test.context.filter.ExcludeFilterContextCustomizer@700fb871, org.springframework.boot.test.json.DuplicateJsonObjectContextCustomizerFactory$DuplicateJsonObjectContextCustomizer@1e16c0aa, org.springframework.boot.test.mock.mockito.MockitoContextCustomizer@0, org.springframework.boot.test.autoconfigure.actuate.metrics.MetricsExportContextCustomizerFactory$DisableMetricExportContextCustomizer@50029372, org.springframework.boot.test.autoconfigure.properties.PropertyMappingContextCustomizer@0, org.springframework.boot.test.autoconfigure.web.servlet.WebDriverContextCustomizerFactory$Customizer@5852c06f, org.springframework.test.context.web.socket.MockServerContainerContextCustomizer@7d61eb55], resourceBasePath = 'src/main/webapp', contextLoader = 'org.springframework.test.context.web.WebDelegatingSmartContextLoader', parent = [null]], attributes = map['org.springframework.test.context.web.ServletTestExecutionListener.populatedRequestContextHolder' -> true, 'org.springframework.test.context.web.ServletTestExecutionListener.resetRequestContextHolder' -> true, 'org.springframework.test.context.event.ApplicationEventsTestExecutionListener.recordApplicationEvents' -> false]]
10:12:14.353 [main] DEBUG org.springframework.test.context.cache.DefaultCacheAwareContextLoaderDelegate - Retrieved ApplicationContext [443942537] from cache with key [[WebMergedContextConfiguration@b7e53b1 testClass = VisitorCountRestServiceTest, locations = '{}', classes = '{class it.academy.RestTestConfiguration}', contextInitializerClasses = '[]', activeProfiles = '{test}', propertySourceLocations = '{}', propertySourceProperties = '{}', contextCustomizers = set[org.springframework.boot.test.context.filter.ExcludeFilterContextCustomizer@700fb871, org.springframework.boot.test.json.DuplicateJsonObjectContextCustomizerFactory$DuplicateJsonObjectContextCustomizer@1e16c0aa, org.springframework.boot.test.mock.mockito.MockitoContextCustomizer@0, org.springframework.boot.test.autoconfigure.actuate.metrics.MetricsExportContextCustomizerFactory$DisableMetricExportContextCustomizer@50029372, org.springframework.boot.test.autoconfigure.properties.PropertyMappingContextCustomizer@0, org.springframework.boot.test.autoconfigure.web.servlet.WebDriverContextCustomizerFactory$Customizer@5852c06f, org.springframework.test.context.web.socket.MockServerContainerContextCustomizer@7d61eb55], resourceBasePath = 'src/main/webapp', contextLoader = 'org.springframework.test.context.web.WebDelegatingSmartContextLoader', parent = [null]]]
10:12:14.353 [main] DEBUG org.springframework.test.context.cache - Spring test ApplicationContext cache statistics: [DefaultContextCache@4be171d1 size = 1, maxSize = 32, parentContextCount = 0, hitCount = 77, missCount = 1]
10:12:14.356 [main] DEBUG org.springframework.test.context.transaction.TransactionalTestExecutionListener - No method-level @Rollback override: using default rollback [true] for test context [DefaultTestContext@2493f9a8 testClass = VisitorCountRestServiceTest, testInstance = it.academy.rest.VisitorCountRestServiceTest@4b9b57d9, testMethod = updateVisitorCount@VisitorCountRestServiceTest, testException = [null], mergedContextConfiguration = [WebMergedContextConfiguration@b7e53b1 testClass = VisitorCountRestServiceTest, locations = '{}', classes = '{class it.academy.RestTestConfiguration}', contextInitializerClasses = '[]', activeProfiles = '{test}', propertySourceLocations = '{}', propertySourceProperties = '{}', contextCustomizers = set[org.springframework.boot.test.context.filter.ExcludeFilterContextCustomizer@700fb871, org.springframework.boot.test.json.DuplicateJsonObjectContextCustomizerFactory$DuplicateJsonObjectContextCustomizer@1e16c0aa, org.springframework.boot.test.mock.mockito.MockitoContextCustomizer@0, org.springframework.boot.test.autoconfigure.actuate.metrics.MetricsExportContextCustomizerFactory$DisableMetricExportContextCustomizer@50029372, org.springframework.boot.test.autoconfigure.properties.PropertyMappingContextCustomizer@0, org.springframework.boot.test.autoconfigure.web.servlet.WebDriverContextCustomizerFactory$Customizer@5852c06f, org.springframework.test.context.web.socket.MockServerContainerContextCustomizer@7d61eb55], resourceBasePath = 'src/main/webapp', contextLoader = 'org.springframework.test.context.web.WebDelegatingSmartContextLoader', parent = [null]], attributes = map['org.springframework.test.context.web.ServletTestExecutionListener.populatedRequestContextHolder' -> true, 'org.springframework.test.context.web.ServletTestExecutionListener.resetRequestContextHolder' -> true, 'org.springframework.test.context.event.ApplicationEventsTestExecutionListener.recordApplicationEvents' -> false]].
10:12:14.358 [main] DEBUG org.springframework.orm.hibernate5.HibernateTransactionManager - Creating new transaction with name [it.academy.rest.VisitorCountRestServiceTest.updateVisitorCount]: PROPAGATION_REQUIRED,ISOLATION_DEFAULT
10:12:14.359 [main] DEBUG org.springframework.orm.hibernate5.HibernateTransactionManager - Opened new Session [SessionImpl(1548008675<open>)] for Hibernate transaction
10:12:14.359 [main] DEBUG org.hibernate.engine.transaction.internal.TransactionImpl - On TransactionImpl creation, JpaCompliance#isJpaTransactionComplianceEnabled == false
10:12:14.359 [main] DEBUG org.hibernate.engine.transaction.internal.TransactionImpl - begin
10:12:14.359 [main] DEBUG org.springframework.orm.hibernate5.HibernateTransactionManager - Exposing Hibernate transaction as JDBC [org.springframework.orm.hibernate5.HibernateTransactionManager$$Lambda$1333/0x00000001009b6040@444958a4]
10:12:14.360 [main] INFO org.springframework.test.context.transaction.TransactionContext - Began transaction (1) for test context [DefaultTestContext@2493f9a8 testClass = VisitorCountRestServiceTest, testInstance = it.academy.rest.VisitorCountRestServiceTest@4b9b57d9, testMethod = updateVisitorCount@VisitorCountRestServiceTest, testException = [null], mergedContextConfiguration = [WebMergedContextConfiguration@b7e53b1 testClass = VisitorCountRestServiceTest, locations = '{}', classes = '{class it.academy.RestTestConfiguration}', contextInitializerClasses = '[]', activeProfiles = '{test}', propertySourceLocations = '{}', propertySourceProperties = '{}', contextCustomizers = set[org.springframework.boot.test.context.filter.ExcludeFilterContextCustomizer@700fb871, org.springframework.boot.test.json.DuplicateJsonObjectContextCustomizerFactory$DuplicateJsonObjectContextCustomizer@1e16c0aa, org.springframework.boot.test.mock.mockito.MockitoContextCustomizer@0, org.springframework.boot.test.autoconfigure.actuate.metrics.MetricsExportContextCustomizerFactory$DisableMetricExportContextCustomizer@50029372, org.springframework.boot.test.autoconfigure.properties.PropertyMappingContextCustomizer@0, org.springframework.boot.test.autoconfigure.web.servlet.WebDriverContextCustomizerFactory$Customizer@5852c06f, org.springframework.test.context.web.socket.MockServerContainerContextCustomizer@7d61eb55], resourceBasePath = 'src/main/webapp', contextLoader = 'org.springframework.test.context.web.WebDelegatingSmartContextLoader', parent = [null]], attributes = map['org.springframework.test.context.web.ServletTestExecutionListener.populatedRequestContextHolder' -> true, 'org.springframework.test.context.web.ServletTestExecutionListener.resetRequestContextHolder' -> true, 'org.springframework.test.context.event.ApplicationEventsTestExecutionListener.recordApplicationEvents' -> false]]; transaction manager [org.springframework.orm.hibernate5.HibernateTransactionManager@381f05a9]; rollback [true]
10:12:14.360 [main] DEBUG org.springframework.test.context.cache.DefaultCacheAwareContextLoaderDelegate - Retrieved ApplicationContext [443942537] from cache with key [[WebMergedContextConfiguration@b7e53b1 testClass = VisitorCountRestServiceTest, locations = '{}', classes = '{class it.academy.RestTestConfiguration}', contextInitializerClasses = '[]', activeProfiles = '{test}', propertySourceLocations = '{}', propertySourceProperties = '{}', contextCustomizers = set[org.springframework.boot.test.context.filter.ExcludeFilterContextCustomizer@700fb871, org.springframework.boot.test.json.DuplicateJsonObjectContextCustomizerFactory$DuplicateJsonObjectContextCustomizer@1e16c0aa, org.springframework.boot.test.mock.mockito.MockitoContextCustomizer@0, org.springframework.boot.test.autoconfigure.actuate.metrics.MetricsExportContextCustomizerFactory$DisableMetricExportContextCustomizer@50029372, org.springframework.boot.test.autoconfigure.properties.PropertyMappingContextCustomizer@0, org.springframework.boot.test.autoconfigure.web.servlet.WebDriverContextCustomizerFactory$Customizer@5852c06f, org.springframework.test.context.web.socket.MockServerContainerContextCustomizer@7d61eb55], resourceBasePath = 'src/main/webapp', contextLoader = 'org.springframework.test.context.web.WebDelegatingSmartContextLoader', parent = [null]]]
10:12:14.361 [main] DEBUG org.springframework.test.context.cache - Spring test ApplicationContext cache statistics: [DefaultContextCache@4be171d1 size = 1, maxSize = 32, parentContextCount = 0, hitCount = 78, missCount = 1]
10:12:14.362 [main] DEBUG org.springframework.test.context.cache.DefaultCacheAwareContextLoaderDelegate - Retrieved ApplicationContext [443942537] from cache with key [[WebMergedContextConfiguration@b7e53b1 testClass = VisitorCountRestServiceTest, locations = '{}', classes = '{class it.academy.RestTestConfiguration}', contextInitializerClasses = '[]', activeProfiles = '{test}', propertySourceLocations = '{}', propertySourceProperties = '{}', contextCustomizers = set[org.springframework.boot.test.context.filter.ExcludeFilterContextCustomizer@700fb871, org.springframework.boot.test.json.DuplicateJsonObjectContextCustomizerFactory$DuplicateJsonObjectContextCustomizer@1e16c0aa, org.springframework.boot.test.mock.mockito.MockitoContextCustomizer@0, org.springframework.boot.test.autoconfigure.actuate.metrics.MetricsExportContextCustomizerFactory$DisableMetricExportContextCustomizer@50029372, org.springframework.boot.test.autoconfigure.properties.PropertyMappingContextCustomizer@0, org.springframework.boot.test.autoconfigure.web.servlet.WebDriverContextCustomizerFactory$Customizer@5852c06f, org.springframework.test.context.web.socket.MockServerContainerContextCustomizer@7d61eb55], resourceBasePath = 'src/main/webapp', contextLoader = 'org.springframework.test.context.web.WebDelegatingSmartContextLoader', parent = [null]]]
10:12:14.362 [main] DEBUG org.springframework.test.context.cache - Spring test ApplicationContext cache statistics: [DefaultContextCache@4be171d1 size = 1, maxSize = 32, parentContextCount = 0, hitCount = 79, missCount = 1]
10:12:14.362 [main] INFO org.springframework.mock.web.MockServletContext - Initializing Spring TestDispatcherServlet ''
10:12:14.362 [main] INFO org.springframework.test.web.servlet.TestDispatcherServlet - Initializing Servlet ''
10:12:14.362 [main] DEBUG org.springframework.test.web.servlet.TestDispatcherServlet - Detected StandardServletMultipartResolver
10:12:14.362 [main] DEBUG org.springframework.test.web.servlet.TestDispatcherServlet - Detected AcceptHeaderLocaleResolver
10:12:14.363 [main] DEBUG org.springframework.test.web.servlet.TestDispatcherServlet - Detected FixedThemeResolver
10:12:14.363 [main] DEBUG org.springframework.test.web.servlet.TestDispatcherServlet - Detected org.springframework.web.servlet.view.DefaultRequestToViewNameTranslator@67d6bb59
10:12:14.364 [main] DEBUG org.springframework.test.web.servlet.TestDispatcherServlet - Detected org.springframework.web.servlet.support.SessionFlashMapManager@329b4b8b
10:12:14.364 [main] DEBUG org.springframework.test.web.servlet.TestDispatcherServlet - enableLoggingRequestDetails='false': request parameters and headers will be masked to prevent unsafe logging of potentially sensitive data
10:12:14.364 [main] INFO org.springframework.test.web.servlet.TestDispatcherServlet - Completed initialization in 2 ms
10:12:14.364 [main] DEBUG org.springframework.orm.hibernate5.HibernateTransactionManager - Found thread-bound Session [SessionImpl(1548008675<open>)] for Hibernate transaction
10:12:14.364 [main] DEBUG org.springframework.orm.hibernate5.HibernateTransactionManager - Participating in existing transaction
10:12:14.364 [main] DEBUG org.hibernate.SQL - delete from T_VISITOR_COUNT
Hibernate: delete from T_VISITOR_COUNT
10:12:14.365 [main] DEBUG org.springframework.test.context.cache.DefaultCacheAwareContextLoaderDelegate - Retrieved ApplicationContext [443942537] from cache with key [[WebMergedContextConfiguration@b7e53b1 testClass = VisitorCountRestServiceTest, locations = '{}', classes = '{class it.academy.RestTestConfiguration}', contextInitializerClasses = '[]', activeProfiles = '{test}', propertySourceLocations = '{}', propertySourceProperties = '{}', contextCustomizers = set[org.springframework.boot.test.context.filter.ExcludeFilterContextCustomizer@700fb871, org.springframework.boot.test.json.DuplicateJsonObjectContextCustomizerFactory$DuplicateJsonObjectContextCustomizer@1e16c0aa, org.springframework.boot.test.mock.mockito.MockitoContextCustomizer@0, org.springframework.boot.test.autoconfigure.actuate.metrics.MetricsExportContextCustomizerFactory$DisableMetricExportContextCustomizer@50029372, org.springframework.boot.test.autoconfigure.properties.PropertyMappingContextCustomizer@0, org.springframework.boot.test.autoconfigure.web.servlet.WebDriverContextCustomizerFactory$Customizer@5852c06f, org.springframework.test.context.web.socket.MockServerContainerContextCustomizer@7d61eb55], resourceBasePath = 'src/main/webapp', contextLoader = 'org.springframework.test.context.web.WebDelegatingSmartContextLoader', parent = [null]]]
10:12:14.365 [main] DEBUG org.springframework.test.context.cache - Spring test ApplicationContext cache statistics: [DefaultContextCache@4be171d1 size = 1, maxSize = 32, parentContextCount = 0, hitCount = 80, missCount = 1]
10:12:14.368 [main] DEBUG org.springframework.test.web.servlet.TestDispatcherServlet - GET "/visitor_count", parameters={}
10:12:14.368 [main] DEBUG org.springframework.web.servlet.mvc.method.annotation.RequestMappingHandlerMapping - Mapped to it.academy.rest.VisitorController#readCount()
10:12:14.369 [main] DEBUG org.springframework.orm.hibernate5.HibernateTransactionManager - Found thread-bound Session [SessionImpl(1548008675<open>)] for Hibernate transaction
10:12:14.369 [main] DEBUG org.springframework.orm.hibernate5.HibernateTransactionManager - Participating in existing transaction
10:12:14.373 [Thread-2] DEBUG org.springframework.test.web.servlet.TestDispatcherServlet - PUT "/visitor_count", parameters={}
10:12:14.373 [Thread-1] DEBUG org.springframework.test.web.servlet.TestDispatcherServlet - PUT "/visitor_count", parameters={}
10:12:14.374 [Thread-2] DEBUG org.springframework.web.servlet.mvc.method.annotation.RequestMappingHandlerMapping - Mapped to it.academy.rest.VisitorController#plusVisitor()
10:12:14.374 [Thread-2] DEBUG org.springframework.orm.hibernate5.HibernateTransactionManager - Creating new transaction with name [it.academy.service.VisitorService.saveVisitor]: PROPAGATION_REQUIRED,ISOLATION_READ_COMMITTED
10:12:14.374 [Thread-2] DEBUG org.springframework.orm.hibernate5.HibernateTransactionManager - Opened new Session [SessionImpl(1238783442<open>)] for Hibernate transaction
10:12:14.374 [Thread-2] DEBUG org.springframework.orm.hibernate5.HibernateTransactionManager - Preparing JDBC Connection of Hibernate Session [SessionImpl(1238783442<open>)]
10:12:14.384 [Thread-9] DEBUG org.springframework.test.web.servlet.TestDispatcherServlet - PUT "/visitor_count", parameters={}
10:12:14.384 [Thread-8] DEBUG org.springframework.test.web.servlet.TestDispatcherServlet - PUT "/visitor_count", parameters={}
10:12:14.384 [Thread-8] DEBUG org.springframework.web.servlet.mvc.method.annotation.RequestMappingHandlerMapping - Mapped to it.academy.rest.VisitorController#plusVisitor()
10:12:14.385 [Thread-6] DEBUG org.springframework.test.web.servlet.TestDispatcherServlet - PUT "/visitor_count", parameters={}
10:12:14.385 [Thread-8] DEBUG org.springframework.orm.hibernate5.HibernateTransactionManager - Creating new transaction with name [it.academy.service.VisitorService.saveVisitor]: PROPAGATION_REQUIRED,ISOLATION_READ_COMMITTED
10:12:14.385 [Thread-8] DEBUG org.springframework.orm.hibernate5.HibernateTransactionManager - Opened new Session [SessionImpl(1987432530<open>)] for Hibernate transaction
10:12:14.385 [Thread-8] DEBUG org.springframework.orm.hibernate5.HibernateTransactionManager - Preparing JDBC Connection of Hibernate Session [SessionImpl(1987432530<open>)]
10:12:14.385 [Thread-7] DEBUG org.springframework.test.web.servlet.TestDispatcherServlet - PUT "/visitor_count", parameters={}
10:12:14.384 [Thread-9] DEBUG org.springframework.web.servlet.mvc.method.annotation.RequestMappingHandlerMapping - Mapped to it.academy.rest.VisitorController#plusVisitor()
10:12:14.385 [Thread-7] DEBUG org.springframework.web.servlet.mvc.method.annotation.RequestMappingHandlerMapping - Mapped to it.academy.rest.VisitorController#plusVisitor()
10:12:14.386 [Thread-7] DEBUG org.springframework.orm.hibernate5.HibernateTransactionManager - Creating new transaction with name [it.academy.service.VisitorService.saveVisitor]: PROPAGATION_REQUIRED,ISOLATION_READ_COMMITTED
10:12:14.386 [Thread-7] DEBUG org.springframework.orm.hibernate5.HibernateTransactionManager - Opened new Session [SessionImpl(734686519<open>)] for Hibernate transaction
10:12:14.386 [Thread-7] DEBUG org.springframework.orm.hibernate5.HibernateTransactionManager - Preparing JDBC Connection of Hibernate Session [SessionImpl(734686519<open>)]
10:12:14.386 [Thread-9] DEBUG org.springframework.orm.hibernate5.HibernateTransactionManager - Creating new transaction with name [it.academy.service.VisitorService.saveVisitor]: PROPAGATION_REQUIRED,ISOLATION_READ_COMMITTED
10:12:14.387 [Thread-9] DEBUG org.springframework.orm.hibernate5.HibernateTransactionManager - Opened new Session [SessionImpl(1562797978<open>)] for Hibernate transaction
10:12:14.387 [Thread-9] DEBUG org.springframework.orm.hibernate5.HibernateTransactionManager - Preparing JDBC Connection of Hibernate Session [SessionImpl(1562797978<open>)]
10:12:14.385 [Thread-6] DEBUG org.springframework.web.servlet.mvc.method.annotation.RequestMappingHandlerMapping - Mapped to it.academy.rest.VisitorController#plusVisitor()
10:12:14.387 [Thread-6] DEBUG org.springframework.orm.hibernate5.HibernateTransactionManager - Creating new transaction with name [it.academy.service.VisitorService.saveVisitor]: PROPAGATION_REQUIRED,ISOLATION_READ_COMMITTED
10:12:14.387 [Thread-6] DEBUG org.springframework.orm.hibernate5.HibernateTransactionManager - Opened new Session [SessionImpl(1826437934<open>)] for Hibernate transaction
10:12:14.387 [Thread-6] DEBUG org.springframework.orm.hibernate5.HibernateTransactionManager - Preparing JDBC Connection of Hibernate Session [SessionImpl(1826437934<open>)]
10:12:14.387 [Thread-4] DEBUG org.springframework.test.web.servlet.TestDispatcherServlet - PUT "/visitor_count", parameters={}
10:12:14.387 [Thread-3] DEBUG org.springframework.test.web.servlet.TestDispatcherServlet - PUT "/visitor_count", parameters={}
10:12:14.388 [Thread-3] DEBUG org.springframework.web.servlet.mvc.method.annotation.RequestMappingHandlerMapping - Mapped to it.academy.rest.VisitorController#plusVisitor()
10:12:14.388 [Thread-3] DEBUG org.springframework.orm.hibernate5.HibernateTransactionManager - Creating new transaction with name [it.academy.service.VisitorService.saveVisitor]: PROPAGATION_REQUIRED,ISOLATION_READ_COMMITTED
10:12:14.388 [Thread-3] DEBUG org.springframework.orm.hibernate5.HibernateTransactionManager - Opened new Session [SessionImpl(1224723661<open>)] for Hibernate transaction
10:12:14.389 [Thread-3] DEBUG org.springframework.orm.hibernate5.HibernateTransactionManager - Preparing JDBC Connection of Hibernate Session [SessionImpl(1224723661<open>)]
10:12:14.389 [Thread-4] DEBUG org.springframework.web.servlet.mvc.method.annotation.RequestMappingHandlerMapping - Mapped to it.academy.rest.VisitorController#plusVisitor()
10:12:14.389 [Thread-4] DEBUG org.springframework.orm.hibernate5.HibernateTransactionManager - Creating new transaction with name [it.academy.service.VisitorService.saveVisitor]: PROPAGATION_REQUIRED,ISOLATION_READ_COMMITTED
10:12:14.385 [Thread-5] DEBUG org.springframework.test.web.servlet.TestDispatcherServlet - PUT "/visitor_count", parameters={}
10:12:14.389 [Thread-5] DEBUG org.springframework.web.servlet.mvc.method.annotation.RequestMappingHandlerMapping - Mapped to it.academy.rest.VisitorController#plusVisitor()
10:12:14.389 [Thread-4] DEBUG org.springframework.orm.hibernate5.HibernateTransactionManager - Opened new Session [SessionImpl(403976523<open>)] for Hibernate transaction
10:12:14.389 [Thread-4] DEBUG org.springframework.orm.hibernate5.HibernateTransactionManager - Preparing JDBC Connection of Hibernate Session [SessionImpl(403976523<open>)]
10:12:14.389 [Thread-5] DEBUG org.springframework.orm.hibernate5.HibernateTransactionManager - Creating new transaction with name [it.academy.service.VisitorService.saveVisitor]: PROPAGATION_REQUIRED,ISOLATION_READ_COMMITTED
10:12:14.390 [Thread-5] DEBUG org.springframework.orm.hibernate5.HibernateTransactionManager - Opened new Session [SessionImpl(1645333694<open>)] for Hibernate transaction
10:12:14.390 [Thread-5] DEBUG org.springframework.orm.hibernate5.HibernateTransactionManager - Preparing JDBC Connection of Hibernate Session [SessionImpl(1645333694<open>)]
10:12:14.374 [Thread-1] DEBUG org.springframework.web.servlet.mvc.method.annotation.RequestMappingHandlerMapping - Mapped to it.academy.rest.VisitorController#plusVisitor()
10:12:14.390 [Thread-1] DEBUG org.springframework.orm.hibernate5.HibernateTransactionManager - Creating new transaction with name [it.academy.service.VisitorService.saveVisitor]: PROPAGATION_REQUIRED,ISOLATION_READ_COMMITTED
10:12:14.390 [Thread-1] DEBUG org.springframework.orm.hibernate5.HibernateTransactionManager - Opened new Session [SessionImpl(1286010878<open>)] for Hibernate transaction
10:12:14.390 [Thread-1] DEBUG org.springframework.orm.hibernate5.HibernateTransactionManager - Preparing JDBC Connection of Hibernate Session [SessionImpl(1286010878<open>)]
10:12:14.390 [Thread-10] DEBUG org.springframework.test.web.servlet.TestDispatcherServlet - PUT "/visitor_count", parameters={}
10:12:14.390 [Thread-10] DEBUG org.springframework.web.servlet.mvc.method.annotation.RequestMappingHandlerMapping - Mapped to it.academy.rest.VisitorController#plusVisitor()
10:12:14.390 [Thread-10] DEBUG org.springframework.orm.hibernate5.HibernateTransactionManager - Creating new transaction with name [it.academy.service.VisitorService.saveVisitor]: PROPAGATION_REQUIRED,ISOLATION_READ_COMMITTED
10:12:14.390 [Thread-10] DEBUG org.springframework.orm.hibernate5.HibernateTransactionManager - Opened new Session [SessionImpl(837987776<open>)] for Hibernate transaction
10:12:14.390 [Thread-10] DEBUG org.springframework.orm.hibernate5.HibernateTransactionManager - Preparing JDBC Connection of Hibernate Session [SessionImpl(837987776<open>)]
10:12:14.395 [Thread-2] DEBUG org.springframework.jdbc.datasource.DataSourceUtils - Changing isolation level of JDBC Connection [HikariProxyConnection@1192342168 wrapping com.mysql.cj.jdbc.ConnectionImpl@b41361b] to 2
10:12:14.397 [Thread-2] DEBUG org.hibernate.engine.transaction.internal.TransactionImpl - On TransactionImpl creation, JpaCompliance#isJpaTransactionComplianceEnabled == false
10:12:14.397 [Thread-2] DEBUG org.hibernate.engine.transaction.internal.TransactionImpl - begin
10:12:14.397 [Thread-2] DEBUG org.springframework.orm.hibernate5.HibernateTransactionManager - Exposing Hibernate transaction as JDBC [org.springframework.orm.hibernate5.HibernateTransactionManager$$Lambda$1333/0x00000001009b6040@432e3ea2]
10:12:14.400 [Thread-4] DEBUG org.springframework.jdbc.datasource.DataSourceUtils - Changing isolation level of JDBC Connection [HikariProxyConnection@382983225 wrapping com.mysql.cj.jdbc.ConnectionImpl@5902b7c8] to 2
10:12:14.400 [Thread-3] DEBUG org.springframework.jdbc.datasource.DataSourceUtils - Changing isolation level of JDBC Connection [HikariProxyConnection@1287672074 wrapping com.mysql.cj.jdbc.ConnectionImpl@3c84c9c7] to 2
10:12:14.402 [Thread-3] DEBUG org.hibernate.engine.transaction.internal.TransactionImpl - On TransactionImpl creation, JpaCompliance#isJpaTransactionComplianceEnabled == false
10:12:14.402 [Thread-3] DEBUG org.hibernate.engine.transaction.internal.TransactionImpl - begin
10:12:14.403 [Thread-3] DEBUG org.springframework.orm.hibernate5.HibernateTransactionManager - Exposing Hibernate transaction as JDBC [org.springframework.orm.hibernate5.HibernateTransactionManager$$Lambda$1333/0x00000001009b6040@9c2c6f6]
10:12:14.404 [Thread-4] DEBUG org.hibernate.engine.transaction.internal.TransactionImpl - On TransactionImpl creation, JpaCompliance#isJpaTransactionComplianceEnabled == false
10:12:14.404 [Thread-4] DEBUG org.hibernate.engine.transaction.internal.TransactionImpl - begin
10:12:14.405 [Thread-4] DEBUG org.springframework.orm.hibernate5.HibernateTransactionManager - Exposing Hibernate transaction as JDBC [org.springframework.orm.hibernate5.HibernateTransactionManager$$Lambda$1333/0x00000001009b6040@12ec5a3b]
10:12:14.405 [Thread-6] DEBUG org.springframework.jdbc.datasource.DataSourceUtils - Changing isolation level of JDBC Connection [HikariProxyConnection@1645926597 wrapping com.mysql.cj.jdbc.ConnectionImpl@6faf03cc] to 2
10:12:14.407 [Thread-6] DEBUG org.hibernate.engine.transaction.internal.TransactionImpl - On TransactionImpl creation, JpaCompliance#isJpaTransactionComplianceEnabled == false
10:12:14.407 [Thread-6] DEBUG org.hibernate.engine.transaction.internal.TransactionImpl - begin
10:12:14.408 [main] DEBUG org.hibernate.loader.plan.build.internal.spaces.QuerySpacesImpl - Adding QuerySpace : uid = <gen:0> -> org.hibernate.loader.plan.build.internal.spaces.EntityQuerySpaceImpl@221383c9]
10:12:14.408 [Thread-6] DEBUG org.springframework.orm.hibernate5.HibernateTransactionManager - Exposing Hibernate transaction as JDBC [org.springframework.orm.hibernate5.HibernateTransactionManager$$Lambda$1333/0x00000001009b6040@6625505e]
10:12:14.408 [main] DEBUG org.hibernate.persister.walking.spi.MetamodelGraphWalker - Visiting attribute path : count
10:12:14.408 [main] DEBUG org.hibernate.loader.plan.build.internal.FetchStyleLoadPlanBuildingAssociationVisitationStrategy - Building LoadPlan...
10:12:14.408 [Thread-1] DEBUG org.springframework.jdbc.datasource.DataSourceUtils - Changing isolation level of JDBC Connection [HikariProxyConnection@1113657370 wrapping com.mysql.cj.jdbc.ConnectionImpl@1757100b] to 2
10:12:14.409 [main] DEBUG org.hibernate.loader.plan.exec.internal.LoadQueryJoinAndFetchProcessor - processing queryspace <gen:0>
10:12:14.409 [main] DEBUG org.hibernate.loader.plan.build.spi.LoadPlanTreePrinter - LoadPlan(entity=it.academy.model.Visitor)
    - Returns
       - EntityReturnImpl(entity=it.academy.model.Visitor, querySpaceUid=<gen:0>, path=it.academy.model.Visitor)
    - QuerySpaces
       - EntityQuerySpaceImpl(uid=<gen:0>, entity=it.academy.model.Visitor)
          - SQL table alias mapping - visitor0_
          - alias suffix - 0_
          - suffixed key columns - {id1_7_0_}

10:12:14.409 [Thread-1] DEBUG org.hibernate.engine.transaction.internal.TransactionImpl - On TransactionImpl creation, JpaCompliance#isJpaTransactionComplianceEnabled == false
10:12:14.409 [Thread-1] DEBUG org.hibernate.engine.transaction.internal.TransactionImpl - begin
10:12:14.411 [main] DEBUG org.hibernate.loader.entity.plan.EntityLoader - Static select for entity it.academy.model.Visitor [PESSIMISTIC_WRITE]: select visitor0_.id as id1_7_0_, visitor0_.count as count2_7_0_ from T_VISITOR_COUNT visitor0_ where visitor0_.id=? for update
10:12:14.411 [Thread-1] DEBUG org.springframework.orm.hibernate5.HibernateTransactionManager - Exposing Hibernate transaction as JDBC [org.springframework.orm.hibernate5.HibernateTransactionManager$$Lambda$1333/0x00000001009b6040@465e9c8e]
10:12:14.411 [Thread-10] DEBUG org.springframework.jdbc.datasource.DataSourceUtils - Changing isolation level of JDBC Connection [HikariProxyConnection@1060459918 wrapping com.mysql.cj.jdbc.ConnectionImpl@6fe45fb0] to 2
10:12:14.412 [Thread-10] DEBUG org.hibernate.engine.transaction.internal.TransactionImpl - On TransactionImpl creation, JpaCompliance#isJpaTransactionComplianceEnabled == false
10:12:14.413 [Thread-10] DEBUG org.hibernate.engine.transaction.internal.TransactionImpl - begin
10:12:14.413 [Thread-10] DEBUG org.springframework.orm.hibernate5.HibernateTransactionManager - Exposing Hibernate transaction as JDBC [org.springframework.orm.hibernate5.HibernateTransactionManager$$Lambda$1333/0x00000001009b6040@3b0ac6b0]
10:12:14.414 [Thread-9] DEBUG org.springframework.jdbc.datasource.DataSourceUtils - Changing isolation level of JDBC Connection [HikariProxyConnection@1407291982 wrapping com.mysql.cj.jdbc.ConnectionImpl@2e1d9d85] to 2
10:12:14.414 [main] DEBUG org.hibernate.SQL - select visitor0_.id as id1_7_0_, visitor0_.count as count2_7_0_ from T_VISITOR_COUNT visitor0_ where visitor0_.id=? for update
Hibernate: select visitor0_.id as id1_7_0_, visitor0_.count as count2_7_0_ from T_VISITOR_COUNT visitor0_ where visitor0_.id=? for update
10:12:14.415 [Thread-9] DEBUG org.hibernate.engine.transaction.internal.TransactionImpl - On TransactionImpl creation, JpaCompliance#isJpaTransactionComplianceEnabled == false
10:12:14.415 [Thread-9] DEBUG org.hibernate.engine.transaction.internal.TransactionImpl - begin
10:12:14.415 [Thread-9] DEBUG org.springframework.orm.hibernate5.HibernateTransactionManager - Exposing Hibernate transaction as JDBC [org.springframework.orm.hibernate5.HibernateTransactionManager$$Lambda$1333/0x00000001009b6040@57de0cea]
10:12:14.416 [Thread-9] DEBUG org.hibernate.SQL - select visitor0_.id as id1_7_0_, visitor0_.count as count2_7_0_ from T_VISITOR_COUNT visitor0_ where visitor0_.id=? for update
Hibernate: select visitor0_.id as id1_7_0_, visitor0_.count as count2_7_0_ from T_VISITOR_COUNT visitor0_ where visitor0_.id=? for update
10:12:14.418 [Thread-3] DEBUG org.hibernate.SQL - select visitor0_.id as id1_7_0_, visitor0_.count as count2_7_0_ from T_VISITOR_COUNT visitor0_ where visitor0_.id=? for update
Hibernate: select visitor0_.id as id1_7_0_, visitor0_.count as count2_7_0_ from T_VISITOR_COUNT visitor0_ where visitor0_.id=? for update
10:12:14.419 [Thread-8] DEBUG org.springframework.jdbc.datasource.DataSourceUtils - Changing isolation level of JDBC Connection [HikariProxyConnection@2024939756 wrapping com.mysql.cj.jdbc.ConnectionImpl@7bfcf560] to 2
10:12:14.414 [Thread-5] DEBUG org.springframework.jdbc.datasource.DataSourceUtils - Changing isolation level of JDBC Connection [HikariProxyConnection@1825975948 wrapping com.mysql.cj.jdbc.ConnectionImpl@5357ffd0] to 2
10:12:14.418 [Thread-2] DEBUG org.hibernate.SQL - select visitor0_.id as id1_7_0_, visitor0_.count as count2_7_0_ from T_VISITOR_COUNT visitor0_ where visitor0_.id=? for update
Hibernate: select visitor0_.id as id1_7_0_, visitor0_.count as count2_7_0_ from T_VISITOR_COUNT visitor0_ where visitor0_.id=? for update
10:12:14.425 [Thread-8] DEBUG org.hibernate.engine.transaction.internal.TransactionImpl - On TransactionImpl creation, JpaCompliance#isJpaTransactionComplianceEnabled == false
10:12:14.425 [Thread-8] DEBUG org.hibernate.engine.transaction.internal.TransactionImpl - begin
10:12:14.425 [Thread-9] DEBUG org.hibernate.loader.entity.plan.AbstractLoadPlanBasedEntityLoader - Done entity load : it.academy.model.Visitor#1
10:12:14.428 [Thread-3] DEBUG org.hibernate.loader.entity.plan.AbstractLoadPlanBasedEntityLoader - Done entity load : it.academy.model.Visitor#1
10:12:14.432 [Thread-8] DEBUG org.springframework.orm.hibernate5.HibernateTransactionManager - Exposing Hibernate transaction as JDBC [org.springframework.orm.hibernate5.HibernateTransactionManager$$Lambda$1333/0x00000001009b6040@7c8dbb22]
10:12:14.433 [Thread-8] DEBUG org.hibernate.SQL - select visitor0_.id as id1_7_0_, visitor0_.count as count2_7_0_ from T_VISITOR_COUNT visitor0_ where visitor0_.id=? for update
Hibernate: select visitor0_.id as id1_7_0_, visitor0_.count as count2_7_0_ from T_VISITOR_COUNT visitor0_ where visitor0_.id=? for update
10:12:14.436 [Thread-2] DEBUG org.hibernate.loader.entity.plan.AbstractLoadPlanBasedEntityLoader - Done entity load : it.academy.model.Visitor#1
10:12:14.435 [Thread-5] DEBUG org.hibernate.engine.transaction.internal.TransactionImpl - On TransactionImpl creation, JpaCompliance#isJpaTransactionComplianceEnabled == false
10:12:14.437 [Thread-5] DEBUG org.hibernate.engine.transaction.internal.TransactionImpl - begin
10:12:14.437 [Thread-4] DEBUG org.hibernate.SQL - select visitor0_.id as id1_7_0_, visitor0_.count as count2_7_0_ from T_VISITOR_COUNT visitor0_ where visitor0_.id=? for update
Hibernate: select visitor0_.id as id1_7_0_, visitor0_.count as count2_7_0_ from T_VISITOR_COUNT visitor0_ where visitor0_.id=? for update
10:12:14.438 [Thread-5] DEBUG org.springframework.orm.hibernate5.HibernateTransactionManager - Exposing Hibernate transaction as JDBC [org.springframework.orm.hibernate5.HibernateTransactionManager$$Lambda$1333/0x00000001009b6040@68e9a7ce]
10:12:14.438 [Thread-5] DEBUG org.hibernate.SQL - select visitor0_.id as id1_7_0_, visitor0_.count as count2_7_0_ from T_VISITOR_COUNT visitor0_ where visitor0_.id=? for update
Hibernate: select visitor0_.id as id1_7_0_, visitor0_.count as count2_7_0_ from T_VISITOR_COUNT visitor0_ where visitor0_.id=? for update
10:12:14.439 [Thread-8] DEBUG org.hibernate.loader.entity.plan.AbstractLoadPlanBasedEntityLoader - Done entity load : it.academy.model.Visitor#1
10:12:14.440 [Thread-6] DEBUG org.hibernate.SQL - select visitor0_.id as id1_7_0_, visitor0_.count as count2_7_0_ from T_VISITOR_COUNT visitor0_ where visitor0_.id=? for update
Hibernate: select visitor0_.id as id1_7_0_, visitor0_.count as count2_7_0_ from T_VISITOR_COUNT visitor0_ where visitor0_.id=? for update
10:12:14.444 [Thread-1] DEBUG org.hibernate.SQL - select visitor0_.id as id1_7_0_, visitor0_.count as count2_7_0_ from T_VISITOR_COUNT visitor0_ where visitor0_.id=? for update
Hibernate: select visitor0_.id as id1_7_0_, visitor0_.count as count2_7_0_ from T_VISITOR_COUNT visitor0_ where visitor0_.id=? for update
10:12:14.448 [main] DEBUG org.hibernate.loader.entity.plan.AbstractLoadPlanBasedEntityLoader - Done entity load : it.academy.model.Visitor#1
10:12:14.448 [Thread-7] DEBUG org.springframework.jdbc.datasource.DataSourceUtils - Changing isolation level of JDBC Connection [HikariProxyConnection@621643326 wrapping com.mysql.cj.jdbc.ConnectionImpl@303c865f] to 2
10:12:14.448 [main] DEBUG org.springframework.web.servlet.mvc.method.annotation.RequestResponseBodyMethodProcessor - Using 'application/json', given [*/*] and supported [application/json, application/*+json, application/json, application/*+json]
10:12:14.448 [main] DEBUG org.springframework.web.servlet.mvc.method.annotation.RequestResponseBodyMethodProcessor - Writing [0]
10:12:14.449 [Thread-8] DEBUG org.hibernate.SQL - select visitor_.id, visitor_.count as count2_7_ from T_VISITOR_COUNT visitor_ where visitor_.id=?
Hibernate: select visitor_.id, visitor_.count as count2_7_ from T_VISITOR_COUNT visitor_ where visitor_.id=?
10:12:14.449 [Thread-3] DEBUG org.hibernate.SQL - select visitor_.id, visitor_.count as count2_7_ from T_VISITOR_COUNT visitor_ where visitor_.id=?
Hibernate: select visitor_.id, visitor_.count as count2_7_ from T_VISITOR_COUNT visitor_ where visitor_.id=?
10:12:14.449 [Thread-2] DEBUG org.hibernate.SQL - select visitor_.id, visitor_.count as count2_7_ from T_VISITOR_COUNT visitor_ where visitor_.id=?
Hibernate: select visitor_.id, visitor_.count as count2_7_ from T_VISITOR_COUNT visitor_ where visitor_.id=?
10:12:14.449 [Thread-9] DEBUG org.hibernate.SQL - select visitor_.id, visitor_.count as count2_7_ from T_VISITOR_COUNT visitor_ where visitor_.id=?
Hibernate: select visitor_.id, visitor_.count as count2_7_ from T_VISITOR_COUNT visitor_ where visitor_.id=?
10:12:14.451 [Thread-8] DEBUG org.hibernate.resource.jdbc.internal.ResourceRegistryStandardImpl - HHH000387: ResultSet's statement was not registered
10:12:14.451 [Thread-9] DEBUG org.hibernate.resource.jdbc.internal.ResourceRegistryStandardImpl - HHH000387: ResultSet's statement was not registered
10:12:14.452 [Thread-3] DEBUG org.hibernate.resource.jdbc.internal.ResourceRegistryStandardImpl - HHH000387: ResultSet's statement was not registered
10:12:14.452 [Thread-2] DEBUG org.hibernate.resource.jdbc.internal.ResourceRegistryStandardImpl - HHH000387: ResultSet's statement was not registered
10:12:14.453 [Thread-10] DEBUG org.hibernate.SQL - select visitor0_.id as id1_7_0_, visitor0_.count as count2_7_0_ from T_VISITOR_COUNT visitor0_ where visitor0_.id=? for update
Hibernate: select visitor0_.id as id1_7_0_, visitor0_.count as count2_7_0_ from T_VISITOR_COUNT visitor0_ where visitor0_.id=? for update
10:12:14.455 [main] DEBUG org.springframework.test.web.servlet.TestDispatcherServlet - Completed 200 OK
10:12:14.469 [Thread-8] DEBUG org.hibernate.event.internal.AbstractSaveEventListener - Generated identifier: 1, using strategy: org.hibernate.id.Assigned
10:12:14.470 [Thread-2] DEBUG org.hibernate.event.internal.AbstractSaveEventListener - Generated identifier: 1, using strategy: org.hibernate.id.Assigned
10:12:14.470 [Thread-9] DEBUG org.hibernate.event.internal.AbstractSaveEventListener - Generated identifier: 1, using strategy: org.hibernate.id.Assigned
10:12:14.470 [Thread-3] DEBUG org.hibernate.event.internal.AbstractSaveEventListener - Generated identifier: 1, using strategy: org.hibernate.id.Assigned
10:12:14.474 [Thread-7] DEBUG org.hibernate.engine.transaction.internal.TransactionImpl - On TransactionImpl creation, JpaCompliance#isJpaTransactionComplianceEnabled == false
10:12:14.474 [Thread-7] DEBUG org.hibernate.engine.transaction.internal.TransactionImpl - begin
10:12:14.475 [Thread-7] DEBUG org.springframework.orm.hibernate5.HibernateTransactionManager - Exposing Hibernate transaction as JDBC [org.springframework.orm.hibernate5.HibernateTransactionManager$$Lambda$1333/0x00000001009b6040@21320647]
10:12:14.480 [Thread-7] DEBUG org.hibernate.SQL - select visitor0_.id as id1_7_0_, visitor0_.count as count2_7_0_ from T_VISITOR_COUNT visitor0_ where visitor0_.id=? for update
Hibernate: select visitor0_.id as id1_7_0_, visitor0_.count as count2_7_0_ from T_VISITOR_COUNT visitor0_ where visitor0_.id=? for update
10:12:14.485 [main] DEBUG org.springframework.test.context.cache.DefaultCacheAwareContextLoaderDelegate - Retrieved ApplicationContext [443942537] from cache with key [[WebMergedContextConfiguration@b7e53b1 testClass = VisitorCountRestServiceTest, locations = '{}', classes = '{class it.academy.RestTestConfiguration}', contextInitializerClasses = '[]', activeProfiles = '{test}', propertySourceLocations = '{}', propertySourceProperties = '{}', contextCustomizers = set[org.springframework.boot.test.context.filter.ExcludeFilterContextCustomizer@700fb871, org.springframework.boot.test.json.DuplicateJsonObjectContextCustomizerFactory$DuplicateJsonObjectContextCustomizer@1e16c0aa, org.springframework.boot.test.mock.mockito.MockitoContextCustomizer@0, org.springframework.boot.test.autoconfigure.actuate.metrics.MetricsExportContextCustomizerFactory$DisableMetricExportContextCustomizer@50029372, org.springframework.boot.test.autoconfigure.properties.PropertyMappingContextCustomizer@0, org.springframework.boot.test.autoconfigure.web.servlet.WebDriverContextCustomizerFactory$Customizer@5852c06f, org.springframework.test.context.web.socket.MockServerContainerContextCustomizer@7d61eb55], resourceBasePath = 'src/main/webapp', contextLoader = 'org.springframework.test.context.web.WebDelegatingSmartContextLoader', parent = [null]]]
10:12:14.485 [main] DEBUG org.springframework.test.context.cache - Spring test ApplicationContext cache statistics: [DefaultContextCache@4be171d1 size = 1, maxSize = 32, parentContextCount = 0, hitCount = 81, missCount = 1]
10:12:14.487 [main] DEBUG org.springframework.test.context.cache.DefaultCacheAwareContextLoaderDelegate - Retrieved ApplicationContext [443942537] from cache with key [[WebMergedContextConfiguration@b7e53b1 testClass = VisitorCountRestServiceTest, locations = '{}', classes = '{class it.academy.RestTestConfiguration}', contextInitializerClasses = '[]', activeProfiles = '{test}', propertySourceLocations = '{}', propertySourceProperties = '{}', contextCustomizers = set[org.springframework.boot.test.context.filter.ExcludeFilterContextCustomizer@700fb871, org.springframework.boot.test.json.DuplicateJsonObjectContextCustomizerFactory$DuplicateJsonObjectContextCustomizer@1e16c0aa, org.springframework.boot.test.mock.mockito.MockitoContextCustomizer@0, org.springframework.boot.test.autoconfigure.actuate.metrics.MetricsExportContextCustomizerFactory$DisableMetricExportContextCustomizer@50029372, org.springframework.boot.test.autoconfigure.properties.PropertyMappingContextCustomizer@0, org.springframework.boot.test.autoconfigure.web.servlet.WebDriverContextCustomizerFactory$Customizer@5852c06f, org.springframework.test.context.web.socket.MockServerContainerContextCustomizer@7d61eb55], resourceBasePath = 'src/main/webapp', contextLoader = 'org.springframework.test.context.web.WebDelegatingSmartContextLoader', parent = [null]]]
10:12:14.487 [main] DEBUG org.springframework.test.context.cache - Spring test ApplicationContext cache statistics: [DefaultContextCache@4be171d1 size = 1, maxSize = 32, parentContextCount = 0, hitCount = 82, missCount = 1]
10:12:14.487 [main] DEBUG org.springframework.test.context.cache.DefaultCacheAwareContextLoaderDelegate - Retrieved ApplicationContext [443942537] from cache with key [[WebMergedContextConfiguration@b7e53b1 testClass = VisitorCountRestServiceTest, locations = '{}', classes = '{class it.academy.RestTestConfiguration}', contextInitializerClasses = '[]', activeProfiles = '{test}', propertySourceLocations = '{}', propertySourceProperties = '{}', contextCustomizers = set[org.springframework.boot.test.context.filter.ExcludeFilterContextCustomizer@700fb871, org.springframework.boot.test.json.DuplicateJsonObjectContextCustomizerFactory$DuplicateJsonObjectContextCustomizer@1e16c0aa, org.springframework.boot.test.mock.mockito.MockitoContextCustomizer@0, org.springframework.boot.test.autoconfigure.actuate.metrics.MetricsExportContextCustomizerFactory$DisableMetricExportContextCustomizer@50029372, org.springframework.boot.test.autoconfigure.properties.PropertyMappingContextCustomizer@0, org.springframework.boot.test.autoconfigure.web.servlet.WebDriverContextCustomizerFactory$Customizer@5852c06f, org.springframework.test.context.web.socket.MockServerContainerContextCustomizer@7d61eb55], resourceBasePath = 'src/main/webapp', contextLoader = 'org.springframework.test.context.web.WebDelegatingSmartContextLoader', parent = [null]]]
10:12:14.487 [main] DEBUG org.springframework.test.context.cache - Spring test ApplicationContext cache statistics: [DefaultContextCache@4be171d1 size = 1, maxSize = 32, parentContextCount = 0, hitCount = 83, missCount = 1]
10:12:14.487 [main] DEBUG org.springframework.test.context.cache.DefaultCacheAwareContextLoaderDelegate - Retrieved ApplicationContext [443942537] from cache with key [[WebMergedContextConfiguration@b7e53b1 testClass = VisitorCountRestServiceTest, locations = '{}', classes = '{class it.academy.RestTestConfiguration}', contextInitializerClasses = '[]', activeProfiles = '{test}', propertySourceLocations = '{}', propertySourceProperties = '{}', contextCustomizers = set[org.springframework.boot.test.context.filter.ExcludeFilterContextCustomizer@700fb871, org.springframework.boot.test.json.DuplicateJsonObjectContextCustomizerFactory$DuplicateJsonObjectContextCustomizer@1e16c0aa, org.springframework.boot.test.mock.mockito.MockitoContextCustomizer@0, org.springframework.boot.test.autoconfigure.actuate.metrics.MetricsExportContextCustomizerFactory$DisableMetricExportContextCustomizer@50029372, org.springframework.boot.test.autoconfigure.properties.PropertyMappingContextCustomizer@0, org.springframework.boot.test.autoconfigure.web.servlet.WebDriverContextCustomizerFactory$Customizer@5852c06f, org.springframework.test.context.web.socket.MockServerContainerContextCustomizer@7d61eb55], resourceBasePath = 'src/main/webapp', contextLoader = 'org.springframework.test.context.web.WebDelegatingSmartContextLoader', parent = [null]]]
10:12:14.487 [main] DEBUG org.springframework.test.context.cache - Spring test ApplicationContext cache statistics: [DefaultContextCache@4be171d1 size = 1, maxSize = 32, parentContextCount = 0, hitCount = 84, missCount = 1]
10:12:14.489 [main] DEBUG org.springframework.test.context.cache.DefaultCacheAwareContextLoaderDelegate - Retrieved ApplicationContext [443942537] from cache with key [[WebMergedContextConfiguration@b7e53b1 testClass = VisitorCountRestServiceTest, locations = '{}', classes = '{class it.academy.RestTestConfiguration}', contextInitializerClasses = '[]', activeProfiles = '{test}', propertySourceLocations = '{}', propertySourceProperties = '{}', contextCustomizers = set[org.springframework.boot.test.context.filter.ExcludeFilterContextCustomizer@700fb871, org.springframework.boot.test.json.DuplicateJsonObjectContextCustomizerFactory$DuplicateJsonObjectContextCustomizer@1e16c0aa, org.springframework.boot.test.mock.mockito.MockitoContextCustomizer@0, org.springframework.boot.test.autoconfigure.actuate.metrics.MetricsExportContextCustomizerFactory$DisableMetricExportContextCustomizer@50029372, org.springframework.boot.test.autoconfigure.properties.PropertyMappingContextCustomizer@0, org.springframework.boot.test.autoconfigure.web.servlet.WebDriverContextCustomizerFactory$Customizer@5852c06f, org.springframework.test.context.web.socket.MockServerContainerContextCustomizer@7d61eb55], resourceBasePath = 'src/main/webapp', contextLoader = 'org.springframework.test.context.web.WebDelegatingSmartContextLoader', parent = [null]]]
10:12:14.489 [main] DEBUG org.springframework.test.context.cache - Spring test ApplicationContext cache statistics: [DefaultContextCache@4be171d1 size = 1, maxSize = 32, parentContextCount = 0, hitCount = 85, missCount = 1]
10:12:14.490 [main] DEBUG org.springframework.test.context.cache.DefaultCacheAwareContextLoaderDelegate - Retrieved ApplicationContext [443942537] from cache with key [[WebMergedContextConfiguration@b7e53b1 testClass = VisitorCountRestServiceTest, locations = '{}', classes = '{class it.academy.RestTestConfiguration}', contextInitializerClasses = '[]', activeProfiles = '{test}', propertySourceLocations = '{}', propertySourceProperties = '{}', contextCustomizers = set[org.springframework.boot.test.context.filter.ExcludeFilterContextCustomizer@700fb871, org.springframework.boot.test.json.DuplicateJsonObjectContextCustomizerFactory$DuplicateJsonObjectContextCustomizer@1e16c0aa, org.springframework.boot.test.mock.mockito.MockitoContextCustomizer@0, org.springframework.boot.test.autoconfigure.actuate.metrics.MetricsExportContextCustomizerFactory$DisableMetricExportContextCustomizer@50029372, org.springframework.boot.test.autoconfigure.properties.PropertyMappingContextCustomizer@0, org.springframework.boot.test.autoconfigure.web.servlet.WebDriverContextCustomizerFactory$Customizer@5852c06f, org.springframework.test.context.web.socket.MockServerContainerContextCustomizer@7d61eb55], resourceBasePath = 'src/main/webapp', contextLoader = 'org.springframework.test.context.web.WebDelegatingSmartContextLoader', parent = [null]]]
10:12:14.490 [main] DEBUG org.springframework.test.context.cache - Spring test ApplicationContext cache statistics: [DefaultContextCache@4be171d1 size = 1, maxSize = 32, parentContextCount = 0, hitCount = 86, missCount = 1]
10:12:14.492 [main] DEBUG org.springframework.orm.hibernate5.HibernateTransactionManager - Initiating transaction rollback
10:12:14.492 [main] DEBUG org.springframework.orm.hibernate5.HibernateTransactionManager - Rolling back Hibernate transaction on Session [SessionImpl(1548008675<open>)]
10:12:14.492 [main] DEBUG org.hibernate.engine.transaction.internal.TransactionImpl - rolling back
10:12:14.506 [Thread-9] DEBUG org.springframework.orm.hibernate5.HibernateTransactionManager - Initiating transaction commit
10:12:14.506 [Thread-2] DEBUG org.springframework.orm.hibernate5.HibernateTransactionManager - Initiating transaction commit
10:12:14.506 [Thread-3] DEBUG org.springframework.orm.hibernate5.HibernateTransactionManager - Initiating transaction commit
10:12:14.507 [Thread-2] DEBUG org.springframework.orm.hibernate5.HibernateTransactionManager - Committing Hibernate transaction on Session [SessionImpl(1238783442<open>)]
10:12:14.506 [Thread-8] DEBUG org.springframework.orm.hibernate5.HibernateTransactionManager - Initiating transaction commit
10:12:14.507 [Thread-2] DEBUG org.hibernate.engine.transaction.internal.TransactionImpl - committing
10:12:14.507 [Thread-9] DEBUG org.springframework.orm.hibernate5.HibernateTransactionManager - Committing Hibernate transaction on Session [SessionImpl(1562797978<open>)]
10:12:14.507 [Thread-8] DEBUG org.springframework.orm.hibernate5.HibernateTransactionManager - Committing Hibernate transaction on Session [SessionImpl(1987432530<open>)]
10:12:14.507 [Thread-8] DEBUG org.hibernate.engine.transaction.internal.TransactionImpl - committing
10:12:14.507 [Thread-3] DEBUG org.springframework.orm.hibernate5.HibernateTransactionManager - Committing Hibernate transaction on Session [SessionImpl(1224723661<open>)]
10:12:14.507 [Thread-3] DEBUG org.hibernate.engine.transaction.internal.TransactionImpl - committing
10:12:14.507 [Thread-9] DEBUG org.hibernate.engine.transaction.internal.TransactionImpl - committing
10:12:14.507 [Thread-2] DEBUG org.hibernate.event.internal.AbstractFlushingEventListener - Processing flush-time cascades
10:12:14.507 [Thread-9] DEBUG org.hibernate.event.internal.AbstractFlushingEventListener - Processing flush-time cascades
10:12:14.507 [Thread-3] DEBUG org.hibernate.event.internal.AbstractFlushingEventListener - Processing flush-time cascades
10:12:14.507 [Thread-8] DEBUG org.hibernate.event.internal.AbstractFlushingEventListener - Processing flush-time cascades
10:12:14.508 [Thread-9] DEBUG org.hibernate.event.internal.AbstractFlushingEventListener - Dirty checking collections
10:12:14.508 [Thread-2] DEBUG org.hibernate.event.internal.AbstractFlushingEventListener - Dirty checking collections
10:12:14.508 [Thread-3] DEBUG org.hibernate.event.internal.AbstractFlushingEventListener - Dirty checking collections
10:12:14.508 [Thread-8] DEBUG org.hibernate.event.internal.AbstractFlushingEventListener - Dirty checking collections
10:12:14.515 [Thread-8] DEBUG org.hibernate.event.internal.AbstractFlushingEventListener - Flushed: 1 insertions, 0 updates, 0 deletions to 1 objects
10:12:14.515 [Thread-3] DEBUG org.hibernate.event.internal.AbstractFlushingEventListener - Flushed: 1 insertions, 0 updates, 0 deletions to 1 objects
10:12:14.515 [Thread-2] DEBUG org.hibernate.event.internal.AbstractFlushingEventListener - Flushed: 1 insertions, 0 updates, 0 deletions to 1 objects
10:12:14.515 [Thread-2] DEBUG org.hibernate.event.internal.AbstractFlushingEventListener - Flushed: 0 (re)creations, 0 updates, 0 removals to 0 collections
10:12:14.515 [Thread-9] DEBUG org.hibernate.event.internal.AbstractFlushingEventListener - Flushed: 1 insertions, 0 updates, 0 deletions to 1 objects
10:12:14.515 [Thread-9] DEBUG org.hibernate.event.internal.AbstractFlushingEventListener - Flushed: 0 (re)creations, 0 updates, 0 removals to 0 collections
10:12:14.515 [Thread-3] DEBUG org.hibernate.event.internal.AbstractFlushingEventListener - Flushed: 0 (re)creations, 0 updates, 0 removals to 0 collections
10:12:14.515 [Thread-8] DEBUG org.hibernate.event.internal.AbstractFlushingEventListener - Flushed: 0 (re)creations, 0 updates, 0 removals to 0 collections
10:12:14.517 [Thread-3] DEBUG org.hibernate.internal.util.EntityPrinter - Listing entities:
10:12:14.517 [Thread-9] DEBUG org.hibernate.internal.util.EntityPrinter - Listing entities:
10:12:14.517 [Thread-2] DEBUG org.hibernate.internal.util.EntityPrinter - Listing entities:
10:12:14.517 [Thread-9] DEBUG org.hibernate.internal.util.EntityPrinter - it.academy.model.Visitor{count=1, id=1}
10:12:14.517 [Thread-8] DEBUG org.hibernate.internal.util.EntityPrinter - Listing entities:
10:12:14.517 [Thread-2] DEBUG org.hibernate.internal.util.EntityPrinter - it.academy.model.Visitor{count=1, id=1}
10:12:14.517 [Thread-3] DEBUG org.hibernate.internal.util.EntityPrinter - it.academy.model.Visitor{count=1, id=1}
10:12:14.517 [Thread-8] DEBUG org.hibernate.internal.util.EntityPrinter - it.academy.model.Visitor{count=1, id=1}
10:12:14.527 [Thread-5] DEBUG org.hibernate.loader.entity.plan.AbstractLoadPlanBasedEntityLoader - Done entity load : it.academy.model.Visitor#1
10:12:14.527 [Thread-5] DEBUG org.hibernate.SQL - select visitor_.id, visitor_.count as count2_7_ from T_VISITOR_COUNT visitor_ where visitor_.id=?
Hibernate: select visitor_.id, visitor_.count as count2_7_ from T_VISITOR_COUNT visitor_ where visitor_.id=?
10:12:14.528 [Thread-1] DEBUG org.hibernate.loader.entity.plan.AbstractLoadPlanBasedEntityLoader - Done entity load : it.academy.model.Visitor#1
10:12:14.527 [Thread-6] DEBUG org.hibernate.loader.entity.plan.AbstractLoadPlanBasedEntityLoader - Done entity load : it.academy.model.Visitor#1
10:12:14.528 [Thread-1] DEBUG org.hibernate.SQL - select visitor_.id, visitor_.count as count2_7_ from T_VISITOR_COUNT visitor_ where visitor_.id=?
Hibernate: select visitor_.id, visitor_.count as count2_7_ from T_VISITOR_COUNT visitor_ where visitor_.id=?
10:12:14.528 [Thread-6] DEBUG org.hibernate.SQL - select visitor_.id, visitor_.count as count2_7_ from T_VISITOR_COUNT visitor_ where visitor_.id=?
Hibernate: select visitor_.id, visitor_.count as count2_7_ from T_VISITOR_COUNT visitor_ where visitor_.id=?
10:12:14.529 [Thread-5] DEBUG org.hibernate.resource.jdbc.internal.ResourceRegistryStandardImpl - HHH000387: ResultSet's statement was not registered
10:12:14.529 [Thread-5] DEBUG org.hibernate.event.internal.AbstractSaveEventListener - Generated identifier: 1, using strategy: org.hibernate.id.Assigned
10:12:14.529 [Thread-1] DEBUG org.hibernate.resource.jdbc.internal.ResourceRegistryStandardImpl - HHH000387: ResultSet's statement was not registered
10:12:14.530 [Thread-1] DEBUG org.hibernate.event.internal.AbstractSaveEventListener - Generated identifier: 1, using strategy: org.hibernate.id.Assigned
10:12:14.530 [Thread-5] DEBUG org.springframework.orm.hibernate5.HibernateTransactionManager - Initiating transaction commit
10:12:14.530 [Thread-5] DEBUG org.springframework.orm.hibernate5.HibernateTransactionManager - Committing Hibernate transaction on Session [SessionImpl(1645333694<open>)]
10:12:14.530 [Thread-5] DEBUG org.hibernate.engine.transaction.internal.TransactionImpl - committing
10:12:14.530 [Thread-1] DEBUG org.springframework.orm.hibernate5.HibernateTransactionManager - Initiating transaction commit
10:12:14.530 [Thread-5] DEBUG org.hibernate.event.internal.AbstractFlushingEventListener - Processing flush-time cascades
10:12:14.530 [Thread-1] DEBUG org.springframework.orm.hibernate5.HibernateTransactionManager - Committing Hibernate transaction on Session [SessionImpl(1286010878<open>)]
10:12:14.530 [Thread-1] DEBUG org.hibernate.engine.transaction.internal.TransactionImpl - committing
10:12:14.531 [Thread-5] DEBUG org.hibernate.event.internal.AbstractFlushingEventListener - Dirty checking collections
10:12:14.531 [Thread-1] DEBUG org.hibernate.event.internal.AbstractFlushingEventListener - Processing flush-time cascades
10:12:14.531 [Thread-1] DEBUG org.hibernate.event.internal.AbstractFlushingEventListener - Dirty checking collections
10:12:14.531 [Thread-1] DEBUG org.hibernate.event.internal.AbstractFlushingEventListener - Flushed: 1 insertions, 0 updates, 0 deletions to 1 objects
10:12:14.531 [Thread-1] DEBUG org.hibernate.event.internal.AbstractFlushingEventListener - Flushed: 0 (re)creations, 0 updates, 0 removals to 0 collections
10:12:14.531 [Thread-1] DEBUG org.hibernate.internal.util.EntityPrinter - Listing entities:
10:12:14.531 [Thread-1] DEBUG org.hibernate.internal.util.EntityPrinter - it.academy.model.Visitor{count=1, id=1}
10:12:14.532 [Thread-6] DEBUG org.hibernate.resource.jdbc.internal.ResourceRegistryStandardImpl - HHH000387: ResultSet's statement was not registered
10:12:14.531 [Thread-5] DEBUG org.hibernate.event.internal.AbstractFlushingEventListener - Flushed: 1 insertions, 0 updates, 0 deletions to 1 objects
10:12:14.532 [Thread-5] DEBUG org.hibernate.event.internal.AbstractFlushingEventListener - Flushed: 0 (re)creations, 0 updates, 0 removals to 0 collections
10:12:14.532 [Thread-6] DEBUG org.hibernate.event.internal.AbstractSaveEventListener - Generated identifier: 1, using strategy: org.hibernate.id.Assigned
10:12:14.532 [Thread-5] DEBUG org.hibernate.internal.util.EntityPrinter - Listing entities:
10:12:14.532 [Thread-5] DEBUG org.hibernate.internal.util.EntityPrinter - it.academy.model.Visitor{count=1, id=1}
10:12:14.532 [Thread-6] DEBUG org.springframework.orm.hibernate5.HibernateTransactionManager - Initiating transaction commit
10:12:14.532 [Thread-6] DEBUG org.springframework.orm.hibernate5.HibernateTransactionManager - Committing Hibernate transaction on Session [SessionImpl(1826437934<open>)]
10:12:14.532 [Thread-6] DEBUG org.hibernate.engine.transaction.internal.TransactionImpl - committing
10:12:14.532 [Thread-6] DEBUG org.hibernate.event.internal.AbstractFlushingEventListener - Processing flush-time cascades
10:12:14.532 [Thread-6] DEBUG org.hibernate.event.internal.AbstractFlushingEventListener - Dirty checking collections
10:12:14.532 [Thread-6] DEBUG org.hibernate.event.internal.AbstractFlushingEventListener - Flushed: 1 insertions, 0 updates, 0 deletions to 1 objects
10:12:14.532 [Thread-6] DEBUG org.hibernate.event.internal.AbstractFlushingEventListener - Flushed: 0 (re)creations, 0 updates, 0 removals to 0 collections
10:12:14.532 [Thread-6] DEBUG org.hibernate.internal.util.EntityPrinter - Listing entities:
10:12:14.532 [Thread-6] DEBUG org.hibernate.internal.util.EntityPrinter - it.academy.model.Visitor{count=1, id=1}
10:12:14.533 [Thread-7] DEBUG org.hibernate.loader.entity.plan.AbstractLoadPlanBasedEntityLoader - Done entity load : it.academy.model.Visitor#1
10:12:14.533 [Thread-7] DEBUG org.hibernate.SQL - select visitor_.id, visitor_.count as count2_7_ from T_VISITOR_COUNT visitor_ where visitor_.id=?
Hibernate: select visitor_.id, visitor_.count as count2_7_ from T_VISITOR_COUNT visitor_ where visitor_.id=?
10:12:14.533 [Thread-10] DEBUG org.hibernate.loader.entity.plan.AbstractLoadPlanBasedEntityLoader - Done entity load : it.academy.model.Visitor#1
10:12:14.533 [Thread-10] DEBUG org.hibernate.SQL - select visitor_.id, visitor_.count as count2_7_ from T_VISITOR_COUNT visitor_ where visitor_.id=?
Hibernate: select visitor_.id, visitor_.count as count2_7_ from T_VISITOR_COUNT visitor_ where visitor_.id=?
10:12:14.534 [main] DEBUG org.springframework.orm.hibernate5.HibernateTransactionManager - Closing Hibernate Session [SessionImpl(1548008675<open>)] after transaction
10:12:14.534 [Thread-7] DEBUG org.hibernate.resource.jdbc.internal.ResourceRegistryStandardImpl - HHH000387: ResultSet's statement was not registered
10:12:14.534 [Thread-7] DEBUG org.hibernate.event.internal.AbstractSaveEventListener - Generated identifier: 1, using strategy: org.hibernate.id.Assigned
10:12:14.534 [Thread-7] DEBUG org.springframework.orm.hibernate5.HibernateTransactionManager - Initiating transaction commit
10:12:14.534 [Thread-7] DEBUG org.springframework.orm.hibernate5.HibernateTransactionManager - Committing Hibernate transaction on Session [SessionImpl(734686519<open>)]
10:12:14.534 [Thread-7] DEBUG org.hibernate.engine.transaction.internal.TransactionImpl - committing
10:12:14.534 [Thread-7] DEBUG org.hibernate.event.internal.AbstractFlushingEventListener - Processing flush-time cascades
10:12:14.534 [Thread-7] DEBUG org.hibernate.event.internal.AbstractFlushingEventListener - Dirty checking collections
10:12:14.535 [Thread-7] DEBUG org.hibernate.event.internal.AbstractFlushingEventListener - Flushed: 1 insertions, 0 updates, 0 deletions to 1 objects
10:12:14.535 [Thread-10] DEBUG org.hibernate.resource.jdbc.internal.ResourceRegistryStandardImpl - HHH000387: ResultSet's statement was not registered
10:12:14.535 [Thread-7] DEBUG org.hibernate.event.internal.AbstractFlushingEventListener - Flushed: 0 (re)creations, 0 updates, 0 removals to 0 collections
10:12:14.535 [Thread-7] DEBUG org.hibernate.internal.util.EntityPrinter - Listing entities:
10:12:14.535 [Thread-7] DEBUG org.hibernate.internal.util.EntityPrinter - it.academy.model.Visitor{count=1, id=1}
10:12:14.535 [Thread-10] DEBUG org.hibernate.event.internal.AbstractSaveEventListener - Generated identifier: 1, using strategy: org.hibernate.id.Assigned
10:12:14.535 [Thread-10] DEBUG org.springframework.orm.hibernate5.HibernateTransactionManager - Initiating transaction commit
10:12:14.535 [Thread-10] DEBUG org.springframework.orm.hibernate5.HibernateTransactionManager - Committing Hibernate transaction on Session [SessionImpl(837987776<open>)]
10:12:14.535 [Thread-10] DEBUG org.hibernate.engine.transaction.internal.TransactionImpl - committing
10:12:14.535 [Thread-10] DEBUG org.hibernate.event.internal.AbstractFlushingEventListener - Processing flush-time cascades
10:12:14.535 [Thread-10] DEBUG org.hibernate.event.internal.AbstractFlushingEventListener - Dirty checking collections
10:12:14.535 [Thread-10] DEBUG org.hibernate.event.internal.AbstractFlushingEventListener - Flushed: 1 insertions, 0 updates, 0 deletions to 1 objects
10:12:14.535 [Thread-10] DEBUG org.hibernate.event.internal.AbstractFlushingEventListener - Flushed: 0 (re)creations, 0 updates, 0 removals to 0 collections
10:12:14.535 [Thread-10] DEBUG org.hibernate.internal.util.EntityPrinter - Listing entities:
10:12:14.535 [Thread-10] DEBUG org.hibernate.internal.util.EntityPrinter - it.academy.model.Visitor{count=1, id=1}
10:12:14.536 [main] INFO org.springframework.test.context.transaction.TransactionContext - Rolled back transaction for test: [DefaultTestContext@2493f9a8 testClass = VisitorCountRestServiceTest, testInstance = it.academy.rest.VisitorCountRestServiceTest@4b9b57d9, testMethod = updateVisitorCount@VisitorCountRestServiceTest, testException = org.junit.ComparisonFailure: expected:<[100]0> but was:<[]0>, mergedContextConfiguration = [WebMergedContextConfiguration@b7e53b1 testClass = VisitorCountRestServiceTest, locations = '{}', classes = '{class it.academy.RestTestConfiguration}', contextInitializerClasses = '[]', activeProfiles = '{test}', propertySourceLocations = '{}', propertySourceProperties = '{}', contextCustomizers = set[org.springframework.boot.test.context.filter.ExcludeFilterContextCustomizer@700fb871, org.springframework.boot.test.json.DuplicateJsonObjectContextCustomizerFactory$DuplicateJsonObjectContextCustomizer@1e16c0aa, org.springframework.boot.test.mock.mockito.MockitoContextCustomizer@0, org.springframework.boot.test.autoconfigure.actuate.metrics.MetricsExportContextCustomizerFactory$DisableMetricExportContextCustomizer@50029372, org.springframework.boot.test.autoconfigure.properties.PropertyMappingContextCustomizer@0, org.springframework.boot.test.autoconfigure.web.servlet.WebDriverContextCustomizerFactory$Customizer@5852c06f, org.springframework.test.context.web.socket.MockServerContainerContextCustomizer@7d61eb55], resourceBasePath = 'src/main/webapp', contextLoader = 'org.springframework.test.context.web.WebDelegatingSmartContextLoader', parent = [null]], attributes = map['org.springframework.test.context.web.ServletTestExecutionListener.populatedRequestContextHolder' -> true, 'org.springframework.test.context.web.ServletTestExecutionListener.resetRequestContextHolder' -> true, 'org.springframework.test.context.event.ApplicationEventsTestExecutionListener.recordApplicationEvents' -> false]]
10:12:14.537 [main] DEBUG org.springframework.test.context.support.AbstractDirtiesContextTestExecutionListener - After test method: context [DefaultTestContext@2493f9a8 testClass = VisitorCountRestServiceTest, testInstance = it.academy.rest.VisitorCountRestServiceTest@4b9b57d9, testMethod = updateVisitorCount@VisitorCountRestServiceTest, testException = org.junit.ComparisonFailure: expected:<[100]0> but was:<[]0>, mergedContextConfiguration = [WebMergedContextConfiguration@b7e53b1 testClass = VisitorCountRestServiceTest, locations = '{}', classes = '{class it.academy.RestTestConfiguration}', contextInitializerClasses = '[]', activeProfiles = '{test}', propertySourceLocations = '{}', propertySourceProperties = '{}', contextCustomizers = set[org.springframework.boot.test.context.filter.ExcludeFilterContextCustomizer@700fb871, org.springframework.boot.test.json.DuplicateJsonObjectContextCustomizerFactory$DuplicateJsonObjectContextCustomizer@1e16c0aa, org.springframework.boot.test.mock.mockito.MockitoContextCustomizer@0, org.springframework.boot.test.autoconfigure.actuate.metrics.MetricsExportContextCustomizerFactory$DisableMetricExportContextCustomizer@50029372, org.springframework.boot.test.autoconfigure.properties.PropertyMappingContextCustomizer@0, org.springframework.boot.test.autoconfigure.web.servlet.WebDriverContextCustomizerFactory$Customizer@5852c06f, org.springframework.test.context.web.socket.MockServerContainerContextCustomizer@7d61eb55], resourceBasePath = 'src/main/webapp', contextLoader = 'org.springframework.test.context.web.WebDelegatingSmartContextLoader', parent = [null]], attributes = map['org.springframework.test.context.web.ServletTestExecutionListener.populatedRequestContextHolder' -> true, 'org.springframework.test.context.web.ServletTestExecutionListener.resetRequestContextHolder' -> true, 'org.springframework.test.context.event.ApplicationEventsTestExecutionListener.recordApplicationEvents' -> false]], class annotated with @DirtiesContext [false] with mode [null], method annotated with @DirtiesContext [false] with mode [null].
10:12:14.537 [main] DEBUG org.springframework.test.context.web.ServletTestExecutionListener - Resetting RequestContextHolder for test context [DefaultTestContext@2493f9a8 testClass = VisitorCountRestServiceTest, testInstance = it.academy.rest.VisitorCountRestServiceTest@4b9b57d9, testMethod = updateVisitorCount@VisitorCountRestServiceTest, testException = org.junit.ComparisonFailure: expected:<[100]0> but was:<[]0>, mergedContextConfiguration = [WebMergedContextConfiguration@b7e53b1 testClass = VisitorCountRestServiceTest, locations = '{}', classes = '{class it.academy.RestTestConfiguration}', contextInitializerClasses = '[]', activeProfiles = '{test}', propertySourceLocations = '{}', propertySourceProperties = '{}', contextCustomizers = set[org.springframework.boot.test.context.filter.ExcludeFilterContextCustomizer@700fb871, org.springframework.boot.test.json.DuplicateJsonObjectContextCustomizerFactory$DuplicateJsonObjectContextCustomizer@1e16c0aa, org.springframework.boot.test.mock.mockito.MockitoContextCustomizer@0, org.springframework.boot.test.autoconfigure.actuate.metrics.MetricsExportContextCustomizerFactory$DisableMetricExportContextCustomizer@50029372, org.springframework.boot.test.autoconfigure.properties.PropertyMappingContextCustomizer@0, org.springframework.boot.test.autoconfigure.web.servlet.WebDriverContextCustomizerFactory$Customizer@5852c06f, org.springframework.test.context.web.socket.MockServerContainerContextCustomizer@7d61eb55], resourceBasePath = 'src/main/webapp', contextLoader = 'org.springframework.test.context.web.WebDelegatingSmartContextLoader', parent = [null]], attributes = map['org.springframework.test.context.web.ServletTestExecutionListener.populatedRequestContextHolder' -> true, 'org.springframework.test.context.web.ServletTestExecutionListener.resetRequestContextHolder' -> true, 'org.springframework.test.context.event.ApplicationEventsTestExecutionListener.recordApplicationEvents' -> false]].
10:12:14.537 [Thread-4] DEBUG org.hibernate.loader.entity.plan.AbstractLoadPlanBasedEntityLoader - Done entity load : it.academy.model.Visitor#1
10:12:14.538 [Thread-4] DEBUG org.hibernate.SQL - select visitor_.id, visitor_.count as count2_7_ from T_VISITOR_COUNT visitor_ where visitor_.id=?
Hibernate: select visitor_.id, visitor_.count as count2_7_ from T_VISITOR_COUNT visitor_ where visitor_.id=?
10:12:14.541 [Thread-4] DEBUG org.hibernate.resource.jdbc.internal.ResourceRegistryStandardImpl - HHH000387: ResultSet's statement was not registered
10:12:14.542 [Thread-4] DEBUG org.hibernate.event.internal.AbstractSaveEventListener - Generated identifier: 1, using strategy: org.hibernate.id.Assigned
10:12:14.544 [Thread-4] DEBUG org.springframework.orm.hibernate5.HibernateTransactionManager - Initiating transaction commit
10:12:14.544 [Thread-4] DEBUG org.springframework.orm.hibernate5.HibernateTransactionManager - Committing Hibernate transaction on Session [SessionImpl(403976523<open>)]
10:12:14.544 [Thread-4] DEBUG org.hibernate.engine.transaction.internal.TransactionImpl - committing
10:12:14.544 [Thread-4] DEBUG org.hibernate.event.internal.AbstractFlushingEventListener - Processing flush-time cascades
10:12:14.544 [Thread-4] DEBUG org.hibernate.event.internal.AbstractFlushingEventListener - Dirty checking collections
10:12:14.544 [Thread-4] DEBUG org.hibernate.event.internal.AbstractFlushingEventListener - Flushed: 1 insertions, 0 updates, 0 deletions to 1 objects
10:12:14.544 [Thread-4] DEBUG org.hibernate.event.internal.AbstractFlushingEventListener - Flushed: 0 (re)creations, 0 updates, 0 removals to 0 collections
10:12:14.544 [Thread-4] DEBUG org.hibernate.internal.util.EntityPrinter - Listing entities:
10:12:14.545 [Thread-4] DEBUG org.hibernate.internal.util.EntityPrinter - it.academy.model.Visitor{count=1, id=1}
10:12:14.551 [Thread-8] DEBUG org.hibernate.SQL - insert into T_VISITOR_COUNT (count, id) values (?, ?)
Hibernate: insert into T_VISITOR_COUNT (count, id) values (?, ?)
10:12:14.554 [Thread-3] DEBUG org.hibernate.SQL - insert into T_VISITOR_COUNT (count, id) values (?, ?)
Hibernate: insert into T_VISITOR_COUNT (count, id) values (?, ?)
]]></system-out>
    <system-err><![CDATA[Mar 17, 2021 10:12:14 AM it.academy.rest.VisitorCountRestServiceTest updateVisitorCount
INFO: 0
]]></system-err>
  </testcase>
</testsuite>